INFO 2019-06-11 13:45:02,114 autoreload 576 Watching for file changes with StatReloader
INFO 2019-06-11 23:41:04,493 autoreload 576 Watching for file changes with StatReloader
INFO 2019-06-11 23:42:09,360 autoreload 576 Watching for file changes with StatReloader
INFO 2019-06-11 23:42:22,462 basehttp 154 "GET / HTTP/1.1" 200 16286
INFO 2019-06-11 23:42:22,508 basehttp 154 "GET /static/admin/css/fonts.css HTTP/1.1" 200 423
INFO 2019-06-11 23:42:23,089 basehttp 154 "GET /static/admin/fonts/Roboto-Regular-webfont.woff HTTP/1.1" 200 85876
INFO 2019-06-11 23:42:23,090 basehttp 154 "GET /static/admin/fonts/Roboto-Light-webfont.woff HTTP/1.1" 200 85692
INFO 2019-06-11 23:42:23,090 basehttp 154 "GET /static/admin/fonts/Roboto-Bold-webfont.woff HTTP/1.1" 200 86184
WARNING 2019-06-11 23:42:23,134 log 228 Not Found: /favicon.ico
WARNING 2019-06-11 23:42:23,136 basehttp 154 "GET /favicon.ico HTTP/1.1" 404 1977
WARNING 2019-06-11 23:43:06,171 log 228 Not Found: /show/
WARNING 2019-06-11 23:43:06,172 basehttp 154 "GET /show/ HTTP/1.1" 404 1959
INFO 2019-06-11 23:46:22,415 autoreload 203 D:\Project\MeiduoShopping\meiduo_mall\meiduo_mall\urls.py changed, reloading.
INFO 2019-06-11 23:46:23,526 autoreload 576 Watching for file changes with StatReloader
INFO 2019-06-11 23:46:28,303 autoreload 203 D:\Project\MeiduoShopping\meiduo_mall\meiduo_mall\urls.py changed, reloading.
INFO 2019-06-11 23:46:29,878 autoreload 576 Watching for file changes with StatReloader
INFO 2019-06-11 23:46:34,918 autoreload 203 D:\Project\MeiduoShopping\meiduo_mall\meiduo_mall\urls.py changed, reloading.
INFO 2019-06-11 23:46:36,431 autoreload 576 Watching for file changes with StatReloader
INFO 2019-06-11 23:46:47,387 autoreload 203 D:\Project\MeiduoShopping\meiduo_mall\meiduo_mall\urls.py changed, reloading.
INFO 2019-06-11 23:46:48,687 autoreload 576 Watching for file changes with StatReloader
INFO 2019-06-11 23:49:43,362 autoreload 203 D:\Project\MeiduoShopping\meiduo_mall\meiduo_mall\urls.py changed, reloading.
INFO 2019-06-11 23:49:44,400 autoreload 576 Watching for file changes with StatReloader
INFO 2019-06-11 23:49:49,508 autoreload 203 D:\Project\MeiduoShopping\meiduo_mall\meiduo_mall\urls.py changed, reloading.
INFO 2019-06-11 23:49:50,969 autoreload 576 Watching for file changes with StatReloader
INFO 2019-06-11 23:49:53,197 autoreload 203 D:\Project\MeiduoShopping\meiduo_mall\meiduo_mall\urls.py changed, reloading.
INFO 2019-06-11 23:49:54,528 autoreload 576 Watching for file changes with StatReloader
INFO 2019-06-11 23:49:56,688 autoreload 203 D:\Project\MeiduoShopping\meiduo_mall\meiduo_mall\urls.py changed, reloading.
INFO 2019-06-11 23:49:58,224 autoreload 576 Watching for file changes with StatReloader
INFO 2019-06-11 23:50:00,185 autoreload 203 D:\Project\MeiduoShopping\meiduo_mall\meiduo_mall\urls.py changed, reloading.
INFO 2019-06-11 23:50:01,301 autoreload 576 Watching for file changes with StatReloader
ERROR 2019-06-11 23:50:45,032 log 228 Internal Server Error: /test/
Traceback (most recent call last):
  File "D:\Python\Python37\lib\site-packages\django\core\handlers\exception.py", line 34, in inner
    response = get_response(request)
  File "D:\Python\Python37\lib\site-packages\django\core\handlers\base.py", line 115, in _get_response
    response = self.process_exception_by_middleware(e, request)
  File "D:\Python\Python37\lib\site-packages\django\core\handlers\base.py", line 113, in _get_response
    response = wrapped_callback(request, *callback_args, **callback_kwargs)
TypeError: as_view() takes 1 positional argument but 2 were given
ERROR 2019-06-11 23:50:45,034 basehttp 154 "GET /test/ HTTP/1.1" 500 62891
INFO 2019-06-11 23:51:17,640 autoreload 203 D:\Project\MeiduoShopping\meiduo_mall\meiduo_mall\urls.py changed, reloading.
INFO 2019-06-11 23:51:18,690 autoreload 576 Watching for file changes with StatReloader
INFO 2019-06-11 23:51:22,009 autoreload 203 D:\Project\MeiduoShopping\meiduo_mall\meiduo_mall\urls.py changed, reloading.
INFO 2019-06-11 23:51:23,802 autoreload 576 Watching for file changes with StatReloader
INFO 2019-06-11 23:51:26,614 basehttp 154 "GET /test/ HTTP/1.1" 200 22
INFO 2019-06-11 23:51:58,324 basehttp 154 "GET /test/ HTTP/1.1" 200 22
INFO 2019-06-11 23:52:01,570 basehttp 154 "GET /test/ HTTP/1.1" 200 22
INFO 2019-06-11 23:52:15,353 autoreload 203 D:\Project\MeiduoShopping\meiduo_mall\meiduo_mall\views.py changed, reloading.
INFO 2019-06-11 23:52:16,428 autoreload 576 Watching for file changes with StatReloader
INFO 2019-06-11 23:52:23,046 autoreload 203 D:\Project\MeiduoShopping\meiduo_mall\meiduo_mall\views.py changed, reloading.
INFO 2019-06-11 23:52:24,507 autoreload 576 Watching for file changes with StatReloader
INFO 2019-06-11 23:52:29,490 basehttp 154 "GET /test/ HTTP/1.1" 200 22
INFO 2019-06-11 23:53:37,216 basehttp 154 "GET /test/ HTTP/1.1" 200 22
INFO 2019-06-12 12:57:27,768 autoreload 576 Watching for file changes with StatReloader
INFO 2019-06-12 12:59:13,420 autoreload 576 Watching for file changes with StatReloader
INFO 2019-06-12 13:09:35,411 basehttp 154 "GET /test/ HTTP/1.1" 200 22
INFO 2019-06-12 13:27:03,019 autoreload 576 Watching for file changes with StatReloader
INFO 2019-06-12 13:28:47,218 autoreload 576 Watching for file changes with StatReloader
INFO 2019-06-12 13:29:13,159 basehttp 154 "GET /test/ HTTP/1.1" 200 22
INFO 2019-06-12 23:45:30,448 autoreload 576 Watching for file changes with StatReloader
INFO 2019-06-12 23:46:21,622 autoreload 576 Watching for file changes with StatReloader
INFO 2019-06-12 23:48:51,463 autoreload 576 Watching for file changes with StatReloader
WARNING 2019-06-12 23:59:09,483 log 228 Not Found: /
WARNING 2019-06-12 23:59:09,483 basehttp 154 "GET / HTTP/1.1" 404 2049
WARNING 2019-06-12 23:59:10,059 log 228 Not Found: /favicon.ico
WARNING 2019-06-12 23:59:10,062 basehttp 154 "GET /favicon.ico HTTP/1.1" 404 2100
WARNING 2019-06-12 23:59:16,782 log 228 Not Found: /
WARNING 2019-06-12 23:59:16,783 basehttp 154 "GET / HTTP/1.1" 404 2049
WARNING 2019-06-12 23:59:16,862 log 228 Not Found: /favicon.ico
WARNING 2019-06-12 23:59:16,864 basehttp 154 "GET /favicon.ico HTTP/1.1" 404 2100
INFO 2019-06-13 00:26:13,806 autoreload 576 Watching for file changes with StatReloader
WARNING 2019-06-13 00:27:11,148 log 228 Not Found: /
WARNING 2019-06-13 00:27:11,152 basehttp 154 "GET / HTTP/1.1" 404 2049
WARNING 2019-06-13 00:27:21,202 log 228 Not Found: /
WARNING 2019-06-13 00:27:21,207 basehttp 154 "GET / HTTP/1.1" 404 2049
WARNING 2019-06-13 00:27:39,030 log 228 Not Found: /usernames/juehuan182/count/
WARNING 2019-06-13 00:27:39,033 basehttp 154 "GET /usernames/juehuan182/count/ HTTP/1.1" 404 2148
WARNING 2019-06-13 00:27:51,625 log 228 Not Found: /mobiles/1328500761@qq.com/count/
WARNING 2019-06-13 00:27:51,629 basehttp 154 "GET /mobiles/1328500761@qq.com/count/ HTTP/1.1" 404 2163
WARNING 2019-06-13 00:27:52,591 log 228 Not Found: /sms_code/undefined/
WARNING 2019-06-13 00:27:52,594 log 228 Not Found: /mobiles/1328500761@qq.com/count/
WARNING 2019-06-13 00:27:52,595 basehttp 154 "GET /sms_code/undefined/ HTTP/1.1" 404 2119
WARNING 2019-06-13 00:27:52,595 basehttp 154 "GET /mobiles/1328500761@qq.com/count/ HTTP/1.1" 404 2163
WARNING 2019-06-13 00:27:57,635 log 228 Not Found: /mobiles/1328500761@qq.com/count/
WARNING 2019-06-13 00:27:57,636 log 228 Not Found: /sms_code/undefined/
WARNING 2019-06-13 00:27:57,637 basehttp 154 "GET /sms_code/undefined/ HTTP/1.1" 404 2119
WARNING 2019-06-13 00:27:57,637 basehttp 154 "GET /mobiles/1328500761@qq.com/count/ HTTP/1.1" 404 2163
WARNING 2019-06-13 00:44:24,046 log 228 Not Found: /usernames/juehuan182/count/
WARNING 2019-06-13 00:44:24,047 basehttp 154 "GET /usernames/juehuan182/count/ HTTP/1.1" 404 2148
WARNING 2019-06-13 00:44:34,355 log 228 Not Found: /mobiles/1328500761@qq.com/count/
WARNING 2019-06-13 00:44:34,359 basehttp 154 "GET /mobiles/1328500761@qq.com/count/ HTTP/1.1" 404 2163
WARNING 2019-06-13 00:44:35,160 log 228 Not Found: /mobiles/1328500761@qq.com/count/
WARNING 2019-06-13 00:44:35,160 log 228 Not Found: /sms_code/undefined/
WARNING 2019-06-13 00:44:35,164 basehttp 154 "GET /mobiles/1328500761@qq.com/count/ HTTP/1.1" 404 2163
WARNING 2019-06-13 00:44:35,165 basehttp 154 "GET /sms_code/undefined/ HTTP/1.1" 404 2119
INFO 2019-06-13 09:33:26,622 autoreload 576 Watching for file changes with StatReloader
INFO 2019-06-13 09:34:48,662 autoreload 576 Watching for file changes with StatReloader
WARNING 2019-06-13 09:36:20,655 log 228 Not Found: /usernames/juehuan182/count/
WARNING 2019-06-13 09:36:20,656 basehttp 154 "GET /usernames/juehuan182/count/ HTTP/1.1" 404 2148
WARNING 2019-06-13 09:36:29,537 log 228 Not Found: /mobiles/1328500761@qq.com/count/
WARNING 2019-06-13 09:36:29,538 basehttp 154 "GET /mobiles/1328500761@qq.com/count/ HTTP/1.1" 404 2163
INFO 2019-06-15 23:23:09,533 autoreload 576 Watching for file changes with StatReloader
WARNING 2019-06-15 23:23:59,308 log 228 Not Found: /users/usernames/juehuan182/count/
WARNING 2019-06-15 23:23:59,310 basehttp 154 "GET /users/usernames/juehuan182/count/ HTTP/1.1" 404 2529
WARNING 2019-06-15 23:24:19,397 log 228 Not Found: /users/usernames/juehuan182/count/
WARNING 2019-06-15 23:24:19,397 basehttp 154 "GET /users/usernames/juehuan182/count/ HTTP/1.1" 404 2529
INFO 2019-06-15 23:25:28,294 autoreload 203 D:\Project\MeiduoShopping\meiduo_mall\users\urls.py changed, reloading.
INFO 2019-06-15 23:25:29,300 autoreload 576 Watching for file changes with StatReloader
INFO 2019-06-15 23:25:31,400 autoreload 203 D:\Project\MeiduoShopping\meiduo_mall\users\urls.py changed, reloading.
INFO 2019-06-15 23:25:32,555 autoreload 576 Watching for file changes with StatReloader
ERROR 2019-06-15 23:25:39,961 log 228 Internal Server Error: /users/usernames/juehuan182/count/
Traceback (most recent call last):
  File "D:\Python\Python37\lib\site-packages\django\core\handlers\exception.py", line 34, in inner
    response = get_response(request)
  File "D:\Python\Python37\lib\site-packages\django\core\handlers\base.py", line 115, in _get_response
    response = self.process_exception_by_middleware(e, request)
  File "D:\Python\Python37\lib\site-packages\django\core\handlers\base.py", line 113, in _get_response
    response = wrapped_callback(request, *callback_args, **callback_kwargs)
TypeError: as_view() takes 1 positional argument but 2 were given
ERROR 2019-06-15 23:25:39,964 basehttp 154 "GET /users/usernames/juehuan182/count/ HTTP/1.1" 500 64800
INFO 2019-06-15 23:26:01,095 autoreload 203 D:\Project\MeiduoShopping\meiduo_mall\users\urls.py changed, reloading.
INFO 2019-06-15 23:26:02,224 autoreload 576 Watching for file changes with StatReloader
INFO 2019-06-15 23:26:06,895 autoreload 203 D:\Project\MeiduoShopping\meiduo_mall\users\urls.py changed, reloading.
INFO 2019-06-15 23:26:07,919 autoreload 576 Watching for file changes with StatReloader
INFO 2019-06-15 23:26:11,311 basehttp 154 "GET /users/usernames/juehuan182/count/ HTTP/1.1" 200 36
INFO 2019-06-15 23:30:45,060 basehttp 154 "GET /users/usernames/juehuan182/count/ HTTP/1.1" 200 36
WARNING 2019-06-15 23:32:02,950 log 228 Not Found: /users/emails/1328500761@qq.com/count/
WARNING 2019-06-15 23:32:02,952 basehttp 154 "GET /users/emails/1328500761@qq.com/count/ HTTP/1.1" 404 2541
WARNING 2019-06-15 23:32:04,563 log 228 Not Found: /users/emails/1328500761@qq.com/count/
WARNING 2019-06-15 23:32:04,564 basehttp 154 "GET /users/emails/1328500761@qq.com/count/ HTTP/1.1" 404 2541
INFO 2019-06-15 23:33:12,603 autoreload 203 D:\Project\MeiduoShopping\meiduo_mall\users\urls.py changed, reloading.
INFO 2019-06-15 23:33:13,643 autoreload 576 Watching for file changes with StatReloader
INFO 2019-06-15 23:33:18,372 autoreload 203 D:\Project\MeiduoShopping\meiduo_mall\users\urls.py changed, reloading.
INFO 2019-06-15 23:33:19,587 autoreload 576 Watching for file changes with StatReloader
INFO 2019-06-15 23:33:22,960 autoreload 203 D:\Project\MeiduoShopping\meiduo_mall\users\urls.py changed, reloading.
INFO 2019-06-15 23:33:23,931 autoreload 576 Watching for file changes with StatReloader
INFO 2019-06-15 23:33:48,773 autoreload 203 D:\Project\MeiduoShopping\meiduo_mall\users\urls.py changed, reloading.
INFO 2019-06-15 23:33:49,989 autoreload 576 Watching for file changes with StatReloader
INFO 2019-06-15 23:33:54,464 autoreload 203 D:\Project\MeiduoShopping\meiduo_mall\users\urls.py changed, reloading.
INFO 2019-06-15 23:33:55,464 autoreload 576 Watching for file changes with StatReloader
INFO 2019-06-15 23:34:02,741 autoreload 203 D:\Project\MeiduoShopping\meiduo_mall\users\urls.py changed, reloading.
INFO 2019-06-15 23:34:03,874 autoreload 576 Watching for file changes with StatReloader
WARNING 2019-06-15 23:34:10,701 log 228 Not Found: /users/emails/1328500761@qq.com/count/
WARNING 2019-06-15 23:34:10,702 basehttp 154 "GET /users/emails/1328500761@qq.com/count/ HTTP/1.1" 404 2541
INFO 2019-06-15 23:34:30,227 autoreload 203 D:\Project\MeiduoShopping\meiduo_mall\users\urls.py changed, reloading.
INFO 2019-06-15 23:34:31,440 autoreload 576 Watching for file changes with StatReloader
INFO 2019-06-15 23:34:33,491 autoreload 203 D:\Project\MeiduoShopping\meiduo_mall\users\urls.py changed, reloading.
INFO 2019-06-15 23:34:34,678 autoreload 576 Watching for file changes with StatReloader
WARNING 2019-06-15 23:34:38,416 log 228 Not Found: /users/emails/1328500761@qq.com/count/
WARNING 2019-06-15 23:34:38,417 basehttp 154 "GET /users/emails/1328500761@qq.com/count/ HTTP/1.1" 404 2547
INFO 2019-06-15 23:35:05,884 basehttp 154 "GET /users/usernames/juehuan182/count/ HTTP/1.1" 200 36
INFO 2019-06-15 23:35:07,188 basehttp 154 "GET /users/usernames/juehuan182/count/ HTTP/1.1" 200 36
WARNING 2019-06-15 23:35:15,270 log 228 Not Found: /users/emails/1328500761@qq.com/count/
WARNING 2019-06-15 23:35:15,274 basehttp 154 "GET /users/emails/1328500761@qq.com/count/ HTTP/1.1" 404 2547
WARNING 2019-06-15 23:37:53,351 log 228 Not Found: /users/emails/1328500761@qq.com/count/
WARNING 2019-06-15 23:37:53,356 basehttp 154 "GET /users/emails/1328500761@qq.com/count/ HTTP/1.1" 404 2547
WARNING 2019-06-15 23:38:07,493 log 228 Not Found: /users/emails/1328500761@qq.com/count/
WARNING 2019-06-15 23:38:07,496 basehttp 154 "GET /users/emails/1328500761@qq.com/count/ HTTP/1.1" 404 2547
WARNING 2019-06-15 23:38:08,121 log 228 Not Found: /favicon.ico
WARNING 2019-06-15 23:38:08,122 basehttp 154 "GET /favicon.ico HTTP/1.1" 404 2088
WARNING 2019-06-15 23:38:20,084 log 228 Not Found: /users/usernames/1328500761@qq.com/count/
WARNING 2019-06-15 23:38:20,087 basehttp 154 "GET /users/usernames/1328500761@qq.com/count/ HTTP/1.1" 404 2556
INFO 2019-06-15 23:38:27,999 basehttp 154 "GET /users/usernames/1328500/count/ HTTP/1.1" 200 9806
INFO 2019-06-15 23:38:28,035 basehttp 154 "GET /static/rest_framework/css/prettify.css HTTP/1.1" 200 817
INFO 2019-06-15 23:38:28,035 basehttp 154 "GET /static/rest_framework/css/bootstrap-tweaks.css HTTP/1.1" 200 3385
INFO 2019-06-15 23:38:28,038 basehttp 154 "GET /static/rest_framework/css/default.css HTTP/1.1" 200 1131
INFO 2019-06-15 23:38:28,041 basehttp 154 "GET /static/rest_framework/js/ajax-form.js HTTP/1.1" 200 3597
INFO 2019-06-15 23:38:28,047 basehttp 154 "GET /static/rest_framework/js/jquery-3.3.1.min.js HTTP/1.1" 200 86927
INFO 2019-06-15 23:38:28,049 basehttp 154 "GET /static/rest_framework/css/bootstrap.min.css HTTP/1.1" 200 121457
INFO 2019-06-15 23:38:28,053 basehttp 154 "GET /static/rest_framework/js/prettify-min.js HTTP/1.1" 200 13632
INFO 2019-06-15 23:38:28,053 basehttp 154 "GET /static/rest_framework/js/default.js HTTP/1.1" 200 1268
INFO 2019-06-15 23:38:28,056 basehttp 154 "GET /static/rest_framework/js/csrf.js HTTP/1.1" 200 1719
INFO 2019-06-15 23:38:28,056 basehttp 154 "GET /static/rest_framework/js/bootstrap.min.js HTTP/1.1" 200 37608
INFO 2019-06-15 23:38:28,079 basehttp 154 "GET /static/rest_framework/img/grid.png HTTP/1.1" 200 1458
INFO 2019-06-15 23:39:33,221 basehttp 154 "GET /users/usernames/juehuan182/count/ HTTP/1.1" 200 36
WARNING 2019-06-15 23:39:44,566 log 228 Not Found: /users/emails/1328500761@qq.com/count/
WARNING 2019-06-15 23:39:44,569 basehttp 154 "GET /users/emails/1328500761@qq.com/count/ HTTP/1.1" 404 2547
INFO 2019-06-15 23:40:35,487 autoreload 203 D:\Project\MeiduoShopping\meiduo_mall\users\urls.py changed, reloading.
INFO 2019-06-15 23:40:36,721 autoreload 576 Watching for file changes with StatReloader
INFO 2019-06-15 23:40:41,341 autoreload 203 D:\Project\MeiduoShopping\meiduo_mall\users\urls.py changed, reloading.
INFO 2019-06-15 23:40:42,570 autoreload 576 Watching for file changes with StatReloader
INFO 2019-06-15 23:40:45,927 autoreload 203 D:\Project\MeiduoShopping\meiduo_mall\users\urls.py changed, reloading.
INFO 2019-06-15 23:40:47,165 autoreload 576 Watching for file changes with StatReloader
INFO 2019-06-15 23:40:59,390 autoreload 203 D:\Project\MeiduoShopping\meiduo_mall\users\urls.py changed, reloading.
INFO 2019-06-15 23:41:00,741 autoreload 576 Watching for file changes with StatReloader
INFO 2019-06-15 23:41:16,110 autoreload 203 D:\Project\MeiduoShopping\meiduo_mall\users\urls.py changed, reloading.
INFO 2019-06-15 23:41:17,297 autoreload 576 Watching for file changes with StatReloader
INFO 2019-06-15 23:41:25,991 autoreload 203 D:\Project\MeiduoShopping\meiduo_mall\users\urls.py changed, reloading.
INFO 2019-06-15 23:41:27,062 autoreload 576 Watching for file changes with StatReloader
INFO 2019-06-15 23:41:31,542 autoreload 203 D:\Project\MeiduoShopping\meiduo_mall\users\urls.py changed, reloading.
INFO 2019-06-15 23:41:32,512 autoreload 576 Watching for file changes with StatReloader
INFO 2019-06-15 23:41:39,509 autoreload 203 D:\Project\MeiduoShopping\meiduo_mall\users\urls.py changed, reloading.
INFO 2019-06-15 23:41:40,736 autoreload 576 Watching for file changes with StatReloader
WARNING 2019-06-15 23:41:45,042 log 228 Not Found: /users/emails/1328500761@qq.com/count/
WARNING 2019-06-15 23:41:45,045 basehttp 154 "GET /users/emails/1328500761@qq.com/count/ HTTP/1.1" 404 2546
WARNING 2019-06-15 23:41:46,560 log 228 Not Found: /users/emails/1328500761@qq.com/count/
WARNING 2019-06-15 23:41:46,563 basehttp 154 "GET /users/emails/1328500761@qq.com/count/ HTTP/1.1" 404 2546
WARNING 2019-06-15 23:41:49,364 log 228 Not Found: /users/emails/1328500761@qq.com/count/
WARNING 2019-06-15 23:41:49,368 basehttp 154 "GET /users/emails/1328500761@qq.com/count/ HTTP/1.1" 404 2546
INFO 2019-06-15 23:44:27,511 autoreload 203 D:\Project\MeiduoShopping\meiduo_mall\users\urls.py changed, reloading.
INFO 2019-06-15 23:44:28,549 autoreload 576 Watching for file changes with StatReloader
INFO 2019-06-15 23:44:33,315 autoreload 203 D:\Project\MeiduoShopping\meiduo_mall\users\urls.py changed, reloading.
INFO 2019-06-15 23:44:34,552 autoreload 576 Watching for file changes with StatReloader
INFO 2019-06-15 23:44:40,723 autoreload 203 D:\Project\MeiduoShopping\meiduo_mall\users\urls.py changed, reloading.
INFO 2019-06-15 23:44:42,371 autoreload 576 Watching for file changes with StatReloader
WARNING 2019-06-15 23:44:46,702 log 228 Not Found: /users/emails/1328500761@qq.com/count/
WARNING 2019-06-15 23:44:46,704 basehttp 154 "GET /users/emails/1328500761@qq.com/count/ HTTP/1.1" 404 2485
INFO 2019-06-15 23:44:54,556 autoreload 203 D:\Project\MeiduoShopping\meiduo_mall\users\urls.py changed, reloading.
INFO 2019-06-15 23:44:55,860 autoreload 576 Watching for file changes with StatReloader
INFO 2019-06-15 23:47:13,152 basehttp 154 "GET /users/usernames/juehuan182/count/ HTTP/1.1" 200 36
WARNING 2019-06-15 23:47:24,048 log 228 Not Found: /users/emails/1328500761@qq.com/count/
WARNING 2019-06-15 23:47:24,054 basehttp 154 "GET /users/emails/1328500761@qq.com/count/ HTTP/1.1" 404 2485
INFO 2019-06-15 23:48:17,608 basehttp 154 "GET /users/usernames/juehuan182/count/ HTTP/1.1" 200 36
WARNING 2019-06-15 23:48:26,085 log 228 Not Found: /users/emails/1328500761@qq.com/count/
WARNING 2019-06-15 23:48:26,087 basehttp 154 "GET /users/emails/1328500761@qq.com/count/ HTTP/1.1" 404 2485
WARNING 2019-06-15 23:48:29,788 log 228 Not Found: /users/emails/1328500761/count/
WARNING 2019-06-15 23:48:29,789 basehttp 154 "GET /users/emails/1328500761/count/ HTTP/1.1" 404 2464
INFO 2019-06-15 23:48:55,084 autoreload 203 D:\Project\MeiduoShopping\meiduo_mall\users\urls.py changed, reloading.
INFO 2019-06-15 23:48:56,240 autoreload 576 Watching for file changes with StatReloader
INFO 2019-06-15 23:49:06,577 autoreload 203 D:\Project\MeiduoShopping\meiduo_mall\users\urls.py changed, reloading.
INFO 2019-06-15 23:49:07,462 autoreload 576 Watching for file changes with StatReloader
INFO 2019-06-15 23:49:18,556 autoreload 203 D:\Project\MeiduoShopping\meiduo_mall\users\urls.py changed, reloading.
INFO 2019-06-15 23:49:19,531 autoreload 576 Watching for file changes with StatReloader
INFO 2019-06-15 23:49:33,017 autoreload 203 D:\Project\MeiduoShopping\meiduo_mall\users\urls.py changed, reloading.
INFO 2019-06-15 23:49:34,097 autoreload 576 Watching for file changes with StatReloader
INFO 2019-06-15 23:49:37,634 autoreload 203 D:\Project\MeiduoShopping\meiduo_mall\users\urls.py changed, reloading.
INFO 2019-06-15 23:49:38,981 autoreload 576 Watching for file changes with StatReloader
WARNING 2019-06-15 23:49:41,609 log 228 Not Found: /users/emails/1328500761/count/
WARNING 2019-06-15 23:49:41,610 basehttp 154 "GET /users/emails/1328500761/count/ HTTP/1.1" 404 2464
INFO 2019-06-15 23:49:47,470 basehttp 154 "GET /users/usernames/juehuan182/count/ HTTP/1.1" 200 36
WARNING 2019-06-15 23:49:58,862 log 228 Not Found: /users/emails//count/
WARNING 2019-06-15 23:49:58,864 basehttp 154 "GET /users/emails//count/ HTTP/1.1" 404 2434
WARNING 2019-06-15 23:50:01,306 log 228 Not Found: /users/emails//count/
WARNING 2019-06-15 23:50:01,308 basehttp 154 "GET /users/emails//count/ HTTP/1.1" 404 2434
INFO 2019-06-15 23:50:01,906 basehttp 154 "GET /users/usernames/juehuan182/count/ HTTP/1.1" 200 36
WARNING 2019-06-15 23:50:10,456 log 228 Not Found: /users/emails/juehuan182/count/
WARNING 2019-06-15 23:50:10,458 basehttp 154 "GET /users/emails/juehuan182/count/ HTTP/1.1" 404 2464
INFO 2019-06-15 23:50:24,862 autoreload 203 D:\Project\MeiduoShopping\meiduo_mall\users\urls.py changed, reloading.
INFO 2019-06-15 23:50:26,469 autoreload 576 Watching for file changes with StatReloader
INFO 2019-06-15 23:50:34,669 autoreload 203 D:\Project\MeiduoShopping\meiduo_mall\users\urls.py changed, reloading.
INFO 2019-06-15 23:50:35,791 autoreload 576 Watching for file changes with StatReloader
INFO 2019-06-15 23:51:02,268 autoreload 203 D:\Project\MeiduoShopping\meiduo_mall\users\urls.py changed, reloading.
INFO 2019-06-15 23:51:03,248 autoreload 576 Watching for file changes with StatReloader
INFO 2019-06-15 23:51:35,967 autoreload 203 D:\Project\MeiduoShopping\meiduo_mall\users\views.py changed, reloading.
INFO 2019-06-15 23:51:37,026 autoreload 576 Watching for file changes with StatReloader
INFO 2019-06-15 23:51:45,785 autoreload 203 D:\Project\MeiduoShopping\meiduo_mall\users\views.py changed, reloading.
INFO 2019-06-15 23:51:46,809 autoreload 576 Watching for file changes with StatReloader
WARNING 2019-06-15 23:51:52,329 log 228 Not Found: /users/emails/juehuan182/count/
WARNING 2019-06-15 23:51:52,331 basehttp 154 "GET /users/emails/juehuan182/count/ HTTP/1.1" 404 2464
INFO 2019-06-15 23:52:05,627 autoreload 203 D:\Project\MeiduoShopping\meiduo_mall\users\urls.py changed, reloading.
INFO 2019-06-15 23:52:06,661 autoreload 576 Watching for file changes with StatReloader
INFO 2019-06-15 23:52:09,920 autoreload 203 D:\Project\MeiduoShopping\meiduo_mall\users\urls.py changed, reloading.
INFO 2019-06-15 23:52:10,876 autoreload 576 Watching for file changes with StatReloader
INFO 2019-06-16 08:47:11,624 autoreload 576 Watching for file changes with StatReloader
INFO 2019-06-16 09:13:16,834 autoreload 576 Watching for file changes with StatReloader
INFO 2019-06-16 09:13:37,708 basehttp 154 "GET /users/usernames/juehuan182/count/ HTTP/1.1" 200 35
WARNING 2019-06-16 09:13:57,588 log 228 Not Found: /users/emails/1328500761@qq.com/count/
WARNING 2019-06-16 09:13:57,592 basehttp 154 "GET /users/emails/1328500761@qq.com/count/ HTTP/1.1" 404 2546
INFO 2019-06-16 09:15:10,256 autoreload 203 D:\Project\MeiduoShopping\meiduo_mall\users\urls.py changed, reloading.
INFO 2019-06-16 09:15:11,197 autoreload 576 Watching for file changes with StatReloader
WARNING 2019-06-16 09:15:15,997 log 228 Not Found: /users/emails/1328500761@qq.com/count/
WARNING 2019-06-16 09:15:15,999 basehttp 154 "GET /users/emails/1328500761@qq.com/count/ HTTP/1.1" 404 2545
INFO 2019-06-16 09:15:48,404 basehttp 154 "GET /users/usernames/juehuan182/count/ HTTP/1.1" 200 35
INFO 2019-06-16 09:15:49,682 basehttp 154 "GET /users/usernames/juehuan182/count/ HTTP/1.1" 200 35
INFO 2019-06-16 09:15:58,910 basehttp 154 "GET /users/usernames/juehuan182/count/ HTTP/1.1" 200 35
INFO 2019-06-16 09:17:51,185 autoreload 203 D:\Project\MeiduoShopping\meiduo_mall\users\urls.py changed, reloading.
INFO 2019-06-16 09:17:52,370 autoreload 576 Watching for file changes with StatReloader
INFO 2019-06-16 09:17:58,290 autoreload 203 D:\Project\MeiduoShopping\meiduo_mall\users\urls.py changed, reloading.
INFO 2019-06-16 09:17:59,216 autoreload 576 Watching for file changes with StatReloader
INFO 2019-06-16 09:18:03,753 autoreload 203 D:\Project\MeiduoShopping\meiduo_mall\users\urls.py changed, reloading.
INFO 2019-06-16 09:18:04,779 autoreload 576 Watching for file changes with StatReloader
INFO 2019-06-16 09:18:08,095 autoreload 203 D:\Project\MeiduoShopping\meiduo_mall\users\urls.py changed, reloading.
INFO 2019-06-16 09:18:09,048 autoreload 576 Watching for file changes with StatReloader
INFO 2019-06-16 09:18:14,765 autoreload 203 D:\Project\MeiduoShopping\meiduo_mall\users\urls.py changed, reloading.
INFO 2019-06-16 09:18:15,682 autoreload 576 Watching for file changes with StatReloader
INFO 2019-06-16 09:18:18,848 autoreload 203 D:\Project\MeiduoShopping\meiduo_mall\users\urls.py changed, reloading.
INFO 2019-06-16 09:18:19,864 autoreload 576 Watching for file changes with StatReloader
INFO 2019-06-16 09:18:34,487 autoreload 203 D:\Project\MeiduoShopping\meiduo_mall\users\urls.py changed, reloading.
INFO 2019-06-16 09:18:35,507 autoreload 576 Watching for file changes with StatReloader
INFO 2019-06-16 09:18:56,541 autoreload 203 D:\Project\MeiduoShopping\meiduo_mall\users\urls.py changed, reloading.
INFO 2019-06-16 09:18:57,459 autoreload 576 Watching for file changes with StatReloader
INFO 2019-06-16 09:19:01,963 autoreload 203 D:\Project\MeiduoShopping\meiduo_mall\users\urls.py changed, reloading.
INFO 2019-06-16 09:19:02,892 autoreload 576 Watching for file changes with StatReloader
INFO 2019-06-16 09:19:11,208 autoreload 203 D:\Project\MeiduoShopping\meiduo_mall\users\urls.py changed, reloading.
INFO 2019-06-16 09:19:12,365 autoreload 576 Watching for file changes with StatReloader
INFO 2019-06-16 09:19:15,528 autoreload 203 D:\Project\MeiduoShopping\meiduo_mall\users\urls.py changed, reloading.
INFO 2019-06-16 09:19:16,589 autoreload 576 Watching for file changes with StatReloader
INFO 2019-06-16 09:19:26,110 autoreload 203 D:\Project\MeiduoShopping\meiduo_mall\users\urls.py changed, reloading.
INFO 2019-06-16 09:19:27,042 autoreload 576 Watching for file changes with StatReloader
INFO 2019-06-16 09:19:39,279 autoreload 203 D:\Project\MeiduoShopping\meiduo_mall\users\urls.py changed, reloading.
INFO 2019-06-16 09:19:40,351 autoreload 576 Watching for file changes with StatReloader
INFO 2019-06-16 09:19:44,884 autoreload 203 D:\Project\MeiduoShopping\meiduo_mall\users\urls.py changed, reloading.
INFO 2019-06-16 09:19:45,862 autoreload 576 Watching for file changes with StatReloader
INFO 2019-06-16 09:19:52,998 basehttp 154 "GET /users/usernames/juehuan182/count/ HTTP/1.1" 200 35
WARNING 2019-06-16 09:20:08,120 log 228 Not Found: /users/emails/1328500761@qq.com/count/
WARNING 2019-06-16 09:20:08,121 basehttp 154 "GET /users/emails/1328500761@qq.com/count/ HTTP/1.1" 404 2546
INFO 2019-06-16 09:20:58,253 autoreload 203 D:\Project\MeiduoShopping\meiduo_mall\users\urls.py changed, reloading.
INFO 2019-06-16 09:20:59,258 autoreload 576 Watching for file changes with StatReloader
INFO 2019-06-16 09:21:06,403 autoreload 203 D:\Project\MeiduoShopping\meiduo_mall\users\urls.py changed, reloading.
INFO 2019-06-16 09:21:07,375 autoreload 576 Watching for file changes with StatReloader
INFO 2019-06-16 09:21:11,928 autoreload 203 D:\Project\MeiduoShopping\meiduo_mall\users\urls.py changed, reloading.
INFO 2019-06-16 09:21:12,948 autoreload 576 Watching for file changes with StatReloader
INFO 2019-06-16 09:21:15,037 autoreload 203 D:\Project\MeiduoShopping\meiduo_mall\users\urls.py changed, reloading.
INFO 2019-06-16 09:21:16,153 autoreload 576 Watching for file changes with StatReloader
INFO 2019-06-16 09:21:27,746 basehttp 154 "GET /users/usernames/juehuan182/count/ HTTP/1.1" 200 35
INFO 2019-06-16 09:21:37,029 basehttp 154 "GET /users/emails/1328500761@qq.com/count/ HTTP/1.1" 200 39
INFO 2019-06-16 09:24:40,026 autoreload 203 D:\Project\MeiduoShopping\meiduo_mall\users\urls.py changed, reloading.
INFO 2019-06-16 09:24:40,995 autoreload 576 Watching for file changes with StatReloader
INFO 2019-06-16 09:24:42,932 autoreload 203 D:\Project\MeiduoShopping\meiduo_mall\users\urls.py changed, reloading.
INFO 2019-06-16 09:24:44,055 autoreload 576 Watching for file changes with StatReloader
INFO 2019-06-16 09:24:47,132 autoreload 203 D:\Project\MeiduoShopping\meiduo_mall\users\urls.py changed, reloading.
INFO 2019-06-16 09:24:48,295 autoreload 576 Watching for file changes with StatReloader
INFO 2019-06-16 09:24:51,489 autoreload 203 D:\Project\MeiduoShopping\meiduo_mall\users\urls.py changed, reloading.
INFO 2019-06-16 09:24:52,425 autoreload 576 Watching for file changes with StatReloader
INFO 2019-06-16 09:24:58,296 autoreload 203 D:\Project\MeiduoShopping\meiduo_mall\users\urls.py changed, reloading.
INFO 2019-06-16 09:24:59,436 autoreload 576 Watching for file changes with StatReloader
INFO 2019-06-16 09:25:44,246 autoreload 203 D:\Project\MeiduoShopping\meiduo_mall\users\urls.py changed, reloading.
INFO 2019-06-16 09:25:45,154 autoreload 576 Watching for file changes with StatReloader
INFO 2019-06-16 09:25:47,064 autoreload 203 D:\Project\MeiduoShopping\meiduo_mall\users\urls.py changed, reloading.
INFO 2019-06-16 09:25:48,586 autoreload 576 Watching for file changes with StatReloader
INFO 2019-06-16 09:25:50,622 autoreload 203 D:\Project\MeiduoShopping\meiduo_mall\users\urls.py changed, reloading.
INFO 2019-06-16 09:25:52,263 autoreload 576 Watching for file changes with StatReloader
INFO 2019-06-16 09:26:04,290 basehttp 154 "GET /users/usernames/juehuan182/count/ HTTP/1.1" 200 35
WARNING 2019-06-16 09:26:21,031 log 228 Not Found: /users/emails/1328500761@qq.com/count/
WARNING 2019-06-16 09:26:21,032 basehttp 154 "GET /users/emails/1328500761@qq.com/count/ HTTP/1.1" 404 2551
INFO 2019-06-16 09:26:44,184 autoreload 203 D:\Project\MeiduoShopping\meiduo_mall\users\urls.py changed, reloading.
INFO 2019-06-16 09:26:45,557 autoreload 576 Watching for file changes with StatReloader
WARNING 2019-06-16 09:26:47,963 log 228 Not Found: /users/emails/1328500761@qq.com/count/
WARNING 2019-06-16 09:26:47,965 basehttp 154 "GET /users/emails/1328500761@qq.com/count/ HTTP/1.1" 404 2551
INFO 2019-06-16 09:30:05,098 autoreload 203 D:\Project\MeiduoShopping\meiduo_mall\users\urls.py changed, reloading.
INFO 2019-06-16 09:30:06,376 autoreload 576 Watching for file changes with StatReloader
INFO 2019-06-16 09:30:18,617 autoreload 203 D:\Project\MeiduoShopping\meiduo_mall\users\urls.py changed, reloading.
INFO 2019-06-16 09:30:19,690 autoreload 576 Watching for file changes with StatReloader
INFO 2019-06-16 09:30:24,228 autoreload 203 D:\Project\MeiduoShopping\meiduo_mall\users\urls.py changed, reloading.
INFO 2019-06-16 09:30:25,363 autoreload 576 Watching for file changes with StatReloader
INFO 2019-06-16 09:30:28,537 autoreload 203 D:\Project\MeiduoShopping\meiduo_mall\users\urls.py changed, reloading.
INFO 2019-06-16 09:30:29,519 autoreload 576 Watching for file changes with StatReloader
INFO 2019-06-16 09:30:31,520 autoreload 203 D:\Project\MeiduoShopping\meiduo_mall\users\urls.py changed, reloading.
INFO 2019-06-16 09:30:32,717 autoreload 576 Watching for file changes with StatReloader
INFO 2019-06-16 09:30:46,194 basehttp 154 "GET /users/usernames/juehuan182/count/ HTTP/1.1" 200 35
WARNING 2019-06-16 09:30:56,644 log 228 Not Found: /users/emails/1328500761@qq.com/count/
WARNING 2019-06-16 09:30:56,645 basehttp 154 "GET /users/emails/1328500761@qq.com/count/ HTTP/1.1" 404 2516
INFO 2019-06-16 09:31:21,649 autoreload 203 D:\Project\MeiduoShopping\meiduo_mall\users\urls.py changed, reloading.
INFO 2019-06-16 09:31:22,773 autoreload 576 Watching for file changes with StatReloader
INFO 2019-06-16 09:31:24,723 autoreload 203 D:\Project\MeiduoShopping\meiduo_mall\users\urls.py changed, reloading.
INFO 2019-06-16 09:31:26,016 autoreload 576 Watching for file changes with StatReloader
WARNING 2019-06-16 09:31:27,582 log 228 Not Found: /users/emails/1328500761@qq.com/count/
WARNING 2019-06-16 09:31:27,583 basehttp 154 "GET /users/emails/1328500761@qq.com/count/ HTTP/1.1" 404 2516
INFO 2019-06-16 09:31:35,059 basehttp 154 "GET /users/usernames/juehuan182/count/ HTTP/1.1" 200 35
WARNING 2019-06-16 09:31:46,435 log 228 Not Found: /users/emails/448015915@qq.com/count/
WARNING 2019-06-16 09:31:46,435 basehttp 154 "GET /users/emails/448015915@qq.com/count/ HTTP/1.1" 404 2513
INFO 2019-06-16 09:32:04,168 autoreload 203 D:\Project\MeiduoShopping\meiduo_mall\users\urls.py changed, reloading.
INFO 2019-06-16 09:32:05,138 autoreload 576 Watching for file changes with StatReloader
INFO 2019-06-16 09:34:45,411 autoreload 203 D:\Project\MeiduoShopping\meiduo_mall\users\urls.py changed, reloading.
INFO 2019-06-16 09:34:46,331 autoreload 576 Watching for file changes with StatReloader
INFO 2019-06-16 10:08:22,298 autoreload 576 Watching for file changes with StatReloader
INFO 2019-06-16 10:08:33,746 basehttp 154 "GET /users/usernames/juehuan182/count/ HTTP/1.1" 200 35
WARNING 2019-06-16 10:08:49,152 log 228 Not Found: /users/emails/1328500761@qq.com/count/
WARNING 2019-06-16 10:08:49,153 basehttp 154 "GET /users/emails/1328500761@qq.com/count/ HTTP/1.1" 404 2524
INFO 2019-06-16 11:28:10,187 autoreload 576 Watching for file changes with StatReloader
INFO 2019-06-16 11:28:18,541 basehttp 154 "GET /users/usernames/juehuan182/count/ HTTP/1.1" 200 35
WARNING 2019-06-16 11:28:29,189 log 228 Not Found: /users/emails/1328500761@qq.com/count/
WARNING 2019-06-16 11:28:29,191 basehttp 154 "GET /users/emails/1328500761@qq.com/count/ HTTP/1.1" 404 2514
INFO 2019-06-16 11:29:06,127 autoreload 203 D:\Project\MeiduoShopping\meiduo_mall\users\urls.py changed, reloading.
INFO 2019-06-16 11:29:07,141 autoreload 576 Watching for file changes with StatReloader
INFO 2019-06-16 11:29:14,364 autoreload 203 D:\Project\MeiduoShopping\meiduo_mall\users\urls.py changed, reloading.
INFO 2019-06-16 11:29:15,366 autoreload 576 Watching for file changes with StatReloader
INFO 2019-06-16 11:29:25,164 autoreload 203 D:\Project\MeiduoShopping\meiduo_mall\users\urls.py changed, reloading.
INFO 2019-06-16 11:29:26,314 autoreload 576 Watching for file changes with StatReloader
INFO 2019-06-16 11:29:28,237 autoreload 203 D:\Project\MeiduoShopping\meiduo_mall\users\urls.py changed, reloading.
INFO 2019-06-16 11:29:29,581 autoreload 576 Watching for file changes with StatReloader
INFO 2019-06-16 11:29:31,745 basehttp 154 "GET /users/emails/1328500761@qq.com/count/ HTTP/1.1" 200 39
INFO 2019-06-16 11:41:11,478 autoreload 203 D:\Project\MeiduoShopping\meiduo_mall\users\urls.py changed, reloading.
INFO 2019-06-16 11:41:13,472 autoreload 576 Watching for file changes with StatReloader
INFO 2019-06-16 11:41:17,634 autoreload 203 D:\Project\MeiduoShopping\meiduo_mall\users\urls.py changed, reloading.
INFO 2019-06-16 11:41:19,705 autoreload 576 Watching for file changes with StatReloader
INFO 2019-06-16 11:41:23,872 autoreload 203 D:\Project\MeiduoShopping\meiduo_mall\users\urls.py changed, reloading.
INFO 2019-06-16 11:41:25,650 autoreload 576 Watching for file changes with StatReloader
INFO 2019-06-16 11:41:35,896 autoreload 203 D:\Project\MeiduoShopping\meiduo_mall\users\urls.py changed, reloading.
INFO 2019-06-16 11:41:38,205 autoreload 576 Watching for file changes with StatReloader
INFO 2019-06-16 11:41:48,988 basehttp 154 "GET /users/usernames/juehuan182/count/ HTTP/1.1" 200 35
INFO 2019-06-16 11:41:49,620 basehttp 154 "GET /users/usernames/juehuan182/count/ HTTP/1.1" 200 35
WARNING 2019-06-16 11:42:01,017 log 228 Not Found: /users/emails/1328500761@qq.com/count/
WARNING 2019-06-16 11:42:01,019 basehttp 154 "GET /users/emails/1328500761@qq.com/count/ HTTP/1.1" 404 2546
INFO 2019-06-16 11:43:20,991 autoreload 203 D:\Project\MeiduoShopping\meiduo_mall\users\urls.py changed, reloading.
INFO 2019-06-16 11:43:22,780 autoreload 576 Watching for file changes with StatReloader
INFO 2019-06-16 11:46:22,881 autoreload 203 D:\Project\MeiduoShopping\meiduo_mall\users\urls.py changed, reloading.
INFO 2019-06-16 11:46:24,889 autoreload 576 Watching for file changes with StatReloader
INFO 2019-06-16 11:46:38,515 basehttp 154 "GET /users/usernames/juehuan182/count/ HTTP/1.1" 200 35
WARNING 2019-06-16 11:46:49,329 log 228 Not Found: /users/emails/1328500761@qq.com/count/
WARNING 2019-06-16 11:46:49,331 basehttp 154 "GET /users/emails/1328500761@qq.com/count/ HTTP/1.1" 404 2531
INFO 2019-06-16 11:57:38,702 autoreload 203 D:\Project\MeiduoShopping\meiduo_mall\users\urls.py changed, reloading.
INFO 2019-06-16 11:57:40,334 autoreload 576 Watching for file changes with StatReloader
INFO 2019-06-16 11:59:06,601 autoreload 203 D:\Project\MeiduoShopping\meiduo_mall\users\urls.py changed, reloading.
INFO 2019-06-16 11:59:07,515 autoreload 576 Watching for file changes with StatReloader
INFO 2019-06-16 11:59:51,963 autoreload 203 D:\Project\MeiduoShopping\meiduo_mall\users\urls.py changed, reloading.
INFO 2019-06-16 11:59:53,169 autoreload 576 Watching for file changes with StatReloader
INFO 2019-06-16 12:00:00,295 basehttp 154 "GET /users/usernames/juehuan182/count/ HTTP/1.1" 200 35
WARNING 2019-06-16 12:00:15,795 log 228 Not Found: /users/emails/1328500761@qq.com/count/
WARNING 2019-06-16 12:00:15,797 basehttp 154 "GET /users/emails/1328500761@qq.com/count/ HTTP/1.1" 404 2513
INFO 2019-06-16 12:00:32,369 autoreload 203 D:\Project\MeiduoShopping\meiduo_mall\users\urls.py changed, reloading.
INFO 2019-06-16 12:00:33,192 autoreload 576 Watching for file changes with StatReloader
INFO 2019-06-16 12:00:42,316 autoreload 203 D:\Project\MeiduoShopping\meiduo_mall\users\urls.py changed, reloading.
INFO 2019-06-16 12:00:43,064 autoreload 576 Watching for file changes with StatReloader
INFO 2019-06-16 12:00:47,257 autoreload 203 D:\Project\MeiduoShopping\meiduo_mall\users\urls.py changed, reloading.
INFO 2019-06-16 12:00:48,348 autoreload 576 Watching for file changes with StatReloader
WARNING 2019-06-16 12:00:51,298 log 228 Not Found: /users/emails/1328500761@qq.com/count/
WARNING 2019-06-16 12:00:51,299 basehttp 154 "GET /users/emails/1328500761@qq.com/count/ HTTP/1.1" 404 2501
INFO 2019-06-16 12:01:22,678 autoreload 203 D:\Project\MeiduoShopping\meiduo_mall\users\urls.py changed, reloading.
INFO 2019-06-16 12:01:23,666 autoreload 576 Watching for file changes with StatReloader
INFO 2019-06-16 12:01:25,406 autoreload 203 D:\Project\MeiduoShopping\meiduo_mall\users\urls.py changed, reloading.
INFO 2019-06-16 12:01:26,230 autoreload 576 Watching for file changes with StatReloader
INFO 2019-06-16 12:01:46,458 autoreload 203 D:\Project\MeiduoShopping\meiduo_mall\users\urls.py changed, reloading.
INFO 2019-06-16 12:01:47,261 autoreload 576 Watching for file changes with StatReloader
INFO 2019-06-16 12:01:50,234 autoreload 203 D:\Project\MeiduoShopping\meiduo_mall\users\urls.py changed, reloading.
INFO 2019-06-16 12:01:51,057 autoreload 576 Watching for file changes with StatReloader
INFO 2019-06-16 12:01:52,797 autoreload 203 D:\Project\MeiduoShopping\meiduo_mall\users\urls.py changed, reloading.
INFO 2019-06-16 12:01:53,601 autoreload 576 Watching for file changes with StatReloader
INFO 2019-06-16 12:01:56,587 autoreload 203 D:\Project\MeiduoShopping\meiduo_mall\users\urls.py changed, reloading.
INFO 2019-06-16 12:01:57,685 autoreload 576 Watching for file changes with StatReloader
INFO 2019-06-16 12:02:02,559 basehttp 154 "GET /users/usernames/juehuan182/count/ HTTP/1.1" 200 35
WARNING 2019-06-16 12:02:11,795 log 228 Not Found: /users/emails/1328500761@qq.com/count/
WARNING 2019-06-16 12:02:11,797 basehttp 154 "GET /users/emails/1328500761@qq.com/count/ HTTP/1.1" 404 2502
INFO 2019-06-16 12:02:26,948 autoreload 203 D:\Project\MeiduoShopping\meiduo_mall\users\urls.py changed, reloading.
INFO 2019-06-16 12:02:27,826 autoreload 576 Watching for file changes with StatReloader
INFO 2019-06-16 12:02:32,064 autoreload 203 D:\Project\MeiduoShopping\meiduo_mall\users\urls.py changed, reloading.
INFO 2019-06-16 12:02:32,873 autoreload 576 Watching for file changes with StatReloader
INFO 2019-06-16 12:03:10,328 basehttp 154 "GET /users/usernames/juehuan182/count/ HTTP/1.1" 200 35
WARNING 2019-06-16 12:03:19,331 log 228 Not Found: /users/emails/1328500761@qq.com/count/
WARNING 2019-06-16 12:03:19,332 basehttp 154 "GET /users/emails/1328500761@qq.com/count/ HTTP/1.1" 404 2504
INFO 2019-06-16 12:04:38,959 autoreload 203 D:\Project\MeiduoShopping\meiduo_mall\users\urls.py changed, reloading.
INFO 2019-06-16 12:04:39,992 autoreload 576 Watching for file changes with StatReloader
INFO 2019-06-16 12:04:43,102 autoreload 203 D:\Project\MeiduoShopping\meiduo_mall\users\urls.py changed, reloading.
INFO 2019-06-16 12:04:44,031 autoreload 576 Watching for file changes with StatReloader
INFO 2019-06-16 12:04:45,740 autoreload 203 D:\Project\MeiduoShopping\meiduo_mall\users\urls.py changed, reloading.
INFO 2019-06-16 12:04:46,778 autoreload 576 Watching for file changes with StatReloader
INFO 2019-06-16 12:04:49,791 autoreload 203 D:\Project\MeiduoShopping\meiduo_mall\users\urls.py changed, reloading.
INFO 2019-06-16 12:04:51,047 autoreload 576 Watching for file changes with StatReloader
INFO 2019-06-16 12:04:55,478 autoreload 203 D:\Project\MeiduoShopping\meiduo_mall\users\urls.py changed, reloading.
INFO 2019-06-16 12:04:56,482 autoreload 576 Watching for file changes with StatReloader
INFO 2019-06-16 12:04:58,149 autoreload 203 D:\Project\MeiduoShopping\meiduo_mall\users\urls.py changed, reloading.
INFO 2019-06-16 12:04:59,184 autoreload 576 Watching for file changes with StatReloader
INFO 2019-06-16 12:05:01,201 autoreload 203 D:\Project\MeiduoShopping\meiduo_mall\users\urls.py changed, reloading.
INFO 2019-06-16 12:05:02,089 autoreload 576 Watching for file changes with StatReloader
INFO 2019-06-16 12:05:07,309 basehttp 154 "GET /users/usernames/juehuan182/count/ HTTP/1.1" 200 35
WARNING 2019-06-16 12:05:17,867 log 228 Not Found: /users/emails/1328500761@qq.com/count/
WARNING 2019-06-16 12:05:17,868 basehttp 154 "GET /users/emails/1328500761@qq.com/count/ HTTP/1.1" 404 2510
WARNING 2019-06-16 12:05:23,637 log 228 Not Found: /users/emails/448015915@qq.com/count/
WARNING 2019-06-16 12:05:23,638 basehttp 154 "GET /users/emails/448015915@qq.com/count/ HTTP/1.1" 404 2507
INFO 2019-06-16 12:05:34,059 autoreload 203 D:\Project\MeiduoShopping\meiduo_mall\users\urls.py changed, reloading.
INFO 2019-06-16 12:05:34,910 autoreload 576 Watching for file changes with StatReloader
INFO 2019-06-16 12:05:39,117 autoreload 203 D:\Project\MeiduoShopping\meiduo_mall\users\urls.py changed, reloading.
INFO 2019-06-16 12:05:40,013 autoreload 576 Watching for file changes with StatReloader
INFO 2019-06-16 12:05:41,736 autoreload 203 D:\Project\MeiduoShopping\meiduo_mall\users\urls.py changed, reloading.
INFO 2019-06-16 12:05:42,773 autoreload 576 Watching for file changes with StatReloader
INFO 2019-06-16 12:05:59,333 autoreload 203 D:\Project\MeiduoShopping\meiduo_mall\users\urls.py changed, reloading.
INFO 2019-06-16 12:06:00,382 autoreload 576 Watching for file changes with StatReloader
INFO 2019-06-16 12:06:02,184 autoreload 203 D:\Project\MeiduoShopping\meiduo_mall\users\urls.py changed, reloading.
INFO 2019-06-16 12:06:02,982 autoreload 576 Watching for file changes with StatReloader
INFO 2019-06-16 12:06:05,894 autoreload 203 D:\Project\MeiduoShopping\meiduo_mall\users\urls.py changed, reloading.
INFO 2019-06-16 12:06:06,888 autoreload 576 Watching for file changes with StatReloader
INFO 2019-06-16 12:06:08,777 autoreload 203 D:\Project\MeiduoShopping\meiduo_mall\users\urls.py changed, reloading.
INFO 2019-06-16 12:06:09,672 autoreload 576 Watching for file changes with StatReloader
INFO 2019-06-16 12:06:14,045 basehttp 154 "GET /users/emails/448015915@qq.com/count/ HTTP/1.1" 200 38
INFO 2019-06-16 12:19:36,705 autoreload 203 D:\Project\MeiduoShopping\meiduo_mall\users\urls.py changed, reloading.
INFO 2019-06-16 12:19:37,673 autoreload 576 Watching for file changes with StatReloader
INFO 2019-06-16 12:20:02,998 autoreload 203 D:\Project\MeiduoShopping\meiduo_mall\users\urls.py changed, reloading.
INFO 2019-06-16 12:20:03,889 autoreload 576 Watching for file changes with StatReloader
INFO 2019-06-16 12:20:16,463 basehttp 154 "GET /users/usernames/juehuan182/count/ HTTP/1.1" 200 35
WARNING 2019-06-16 12:20:27,378 log 228 Not Found: /users/emails/1328500761@qq.com/count/
WARNING 2019-06-16 12:20:27,379 basehttp 154 "GET /users/emails/1328500761@qq.com/count/ HTTP/1.1" 404 2504
INFO 2019-06-16 12:24:28,494 autoreload 203 D:\Project\MeiduoShopping\meiduo_mall\users\urls.py changed, reloading.
INFO 2019-06-16 12:24:29,349 autoreload 576 Watching for file changes with StatReloader
INFO 2019-06-16 12:24:48,330 autoreload 203 D:\Project\MeiduoShopping\meiduo_mall\users\urls.py changed, reloading.
INFO 2019-06-16 12:24:49,125 autoreload 576 Watching for file changes with StatReloader
INFO 2019-06-16 12:25:12,412 autoreload 203 D:\Project\MeiduoShopping\meiduo_mall\users\urls.py changed, reloading.
INFO 2019-06-16 12:25:13,268 autoreload 576 Watching for file changes with StatReloader
INFO 2019-06-16 12:26:09,667 basehttp 154 "GET /users/usernames/juehuan182/count/ HTTP/1.1" 200 35
WARNING 2019-06-16 12:26:20,358 log 228 Not Found: /users/emails/1328500761@qq.com/count/
WARNING 2019-06-16 12:26:20,359 basehttp 154 "GET /users/emails/1328500761@qq.com/count/ HTTP/1.1" 404 2504
INFO 2019-06-16 12:26:37,475 autoreload 203 D:\Project\MeiduoShopping\meiduo_mall\users\urls.py changed, reloading.
INFO 2019-06-16 12:26:38,367 autoreload 576 Watching for file changes with StatReloader
INFO 2019-06-16 12:26:40,049 autoreload 203 D:\Project\MeiduoShopping\meiduo_mall\users\urls.py changed, reloading.
INFO 2019-06-16 12:26:40,846 autoreload 576 Watching for file changes with StatReloader
INFO 2019-06-16 12:26:42,680 autoreload 203 D:\Project\MeiduoShopping\meiduo_mall\users\urls.py changed, reloading.
INFO 2019-06-16 12:26:43,618 autoreload 576 Watching for file changes with StatReloader
INFO 2019-06-16 12:26:45,345 autoreload 203 D:\Project\MeiduoShopping\meiduo_mall\users\urls.py changed, reloading.
INFO 2019-06-16 12:26:46,279 autoreload 576 Watching for file changes with StatReloader
WARNING 2019-06-16 12:26:50,096 log 228 Not Found: /users/emails/1328500761@qq.com/count/
WARNING 2019-06-16 12:26:50,097 basehttp 154 "GET /users/emails/1328500761@qq.com/count/ HTTP/1.1" 404 2498
WARNING 2019-06-16 12:26:54,971 log 228 Not Found: /users/emails/1328500761@qq.com/count/
WARNING 2019-06-16 12:26:54,972 basehttp 154 "GET /users/emails/1328500761@qq.com/count/ HTTP/1.1" 404 2498
INFO 2019-06-16 12:27:09,224 autoreload 203 D:\Project\MeiduoShopping\meiduo_mall\users\urls.py changed, reloading.
INFO 2019-06-16 12:27:10,097 autoreload 576 Watching for file changes with StatReloader
INFO 2019-06-16 12:27:13,049 autoreload 203 D:\Project\MeiduoShopping\meiduo_mall\users\urls.py changed, reloading.
INFO 2019-06-16 12:27:13,972 autoreload 576 Watching for file changes with StatReloader
INFO 2019-06-16 12:27:16,981 basehttp 154 "GET /users/emails/1328500761@qq.com/count/ HTTP/1.1" 200 39
INFO 2019-06-16 12:29:04,672 basehttp 154 "GET /users/usernames/juehuan182/count/ HTTP/1.1" 200 35
INFO 2019-06-16 12:29:23,498 basehttp 154 "GET /users/emails/1328500761@qq.com/count/ HTTP/1.1" 200 39
INFO 2019-06-16 12:29:27,396 basehttp 154 "GET /users/emails/1328500761@qq.com/count/ HTTP/1.1" 200 39
WARNING 2019-06-16 12:29:27,397 log 228 Not Found: /email_codes/1328500761@qq.com/
WARNING 2019-06-16 12:29:27,398 basehttp 154 "GET /email_codes/1328500761@qq.com/ HTTP/1.1" 404 2140
INFO 2019-06-16 12:33:37,505 autoreload 203 D:\Project\MeiduoShopping\meiduo_mall\meiduo_mall\urls.py changed, reloading.
INFO 2019-06-16 12:33:38,291 autoreload 576 Watching for file changes with StatReloader
INFO 2019-06-16 12:33:42,439 autoreload 203 D:\Project\MeiduoShopping\meiduo_mall\meiduo_mall\urls.py changed, reloading.
INFO 2019-06-16 12:33:43,247 autoreload 576 Watching for file changes with StatReloader
INFO 2019-06-16 12:33:46,258 autoreload 203 D:\Project\MeiduoShopping\meiduo_mall\meiduo_mall\urls.py changed, reloading.
INFO 2019-06-16 12:33:47,230 autoreload 576 Watching for file changes with StatReloader
INFO 2019-06-16 12:33:50,092 autoreload 203 D:\Project\MeiduoShopping\meiduo_mall\meiduo_mall\urls.py changed, reloading.
INFO 2019-06-16 12:33:50,965 autoreload 576 Watching for file changes with StatReloader
INFO 2019-06-16 12:34:05,029 autoreload 203 D:\Project\MeiduoShopping\meiduo_mall\meiduo_mall\urls.py changed, reloading.
INFO 2019-06-16 12:34:05,871 autoreload 576 Watching for file changes with StatReloader
INFO 2019-06-16 12:34:11,365 autoreload 203 D:\Project\MeiduoShopping\meiduo_mall\meiduo_mall\urls.py changed, reloading.
INFO 2019-06-16 12:34:12,358 autoreload 576 Watching for file changes with StatReloader
INFO 2019-06-16 12:36:59,809 autoreload 576 Watching for file changes with StatReloader
INFO 2019-06-16 12:37:11,811 basehttp 154 "GET /users/usernames/juehuan182/count/ HTTP/1.1" 200 35
INFO 2019-06-16 12:37:21,077 basehttp 154 "GET /users/emails/1328500761@qq.com/count/ HTTP/1.1" 200 39
INFO 2019-06-16 12:37:22,356 basehttp 154 "GET /users/emails/1328500761@qq.com/count/ HTTP/1.1" 200 39
ERROR 2019-06-16 12:37:27,957 exceptions 25 [<verifications.views.EmailCodeView object at 0x00000123AD70E940>] Error while reading from socket: (10054, '', None, 10054, None)
ERROR 2019-06-16 12:37:27,957 log 228 Insufficient Storage: /verifications/email_codes/1328500761@qq.com/
ERROR 2019-06-16 12:37:27,957 basehttp 154 "GET /verifications/email_codes/1328500761@qq.com/ HTTP/1.1" 507 35
INFO 2019-06-16 14:18:07,009 autoreload 576 Watching for file changes with StatReloader
INFO 2019-06-16 14:18:38,522 basehttp 154 "GET /users/usernames/juehuan182/count/ HTTP/1.1" 200 35
INFO 2019-06-16 14:18:54,584 basehttp 154 "GET /users/emails/1328500761@qq.com/count/ HTTP/1.1" 200 39
INFO 2019-06-16 14:18:59,086 basehttp 154 "GET /users/emails/1328500761@qq.com/count/ HTTP/1.1" 200 39
ERROR 2019-06-16 14:19:00,095 exceptions 25 [<verifications.views.EmailCodeView object at 0x0000020FF6B27F28>] Error 10061 connecting to 127.0.0.1:6379. .
ERROR 2019-06-16 14:19:00,102 log 228 Insufficient Storage: /verifications/email_codes/1328500761@qq.com/
ERROR 2019-06-16 14:19:00,103 basehttp 154 "GET /verifications/email_codes/1328500761@qq.com/ HTTP/1.1" 507 35
INFO 2019-06-16 14:19:51,474 views 38 504763
INFO 2019-06-16 14:19:51,478 basehttp 154 "GET /users/emails/1328500761@qq.com/count/ HTTP/1.1" 200 39
INFO 2019-06-16 14:19:51,815 basehttp 154 "GET /verifications/email_codes/1328500761@qq.com/ HTTP/1.1" 200 76
INFO 2019-06-16 14:21:05,771 autoreload 203 D:\Project\MeiduoShopping\meiduo_mall\verifications\views.py changed, reloading.
INFO 2019-06-16 14:21:06,941 autoreload 576 Watching for file changes with StatReloader
INFO 2019-06-16 14:21:10,357 views 38 954024
INFO 2019-06-16 14:21:10,368 basehttp 154 "GET /users/emails/1328500761@qq.com/count/ HTTP/1.1" 200 39
INFO 2019-06-16 14:21:10,617 basehttp 154 "GET /verifications/email_codes/1328500761@qq.com/ HTTP/1.1" 200 16
INFO 2019-06-16 14:21:52,443 basehttp 154 "GET /users/usernames/juehuan182/count/ HTTP/1.1" 200 35
INFO 2019-06-16 14:21:52,445 basehttp 154 "OPTIONS /users/ HTTP/1.1" 200 0
INFO 2019-06-16 14:21:52,448 basehttp 154 "GET /users/emails/1328500761@qq.com/count/ HTTP/1.1" 200 39
WARNING 2019-06-16 14:21:52,475 log 228 Not Found: /users/
WARNING 2019-06-16 14:21:52,478 basehttp 154 "POST /users/ HTTP/1.1" 404 2518
INFO 2019-06-16 14:23:47,026 autoreload 203 D:\Project\MeiduoShopping\meiduo_mall\users\urls.py changed, reloading.
INFO 2019-06-16 14:23:47,890 autoreload 576 Watching for file changes with StatReloader
INFO 2019-06-16 14:23:49,693 autoreload 203 D:\Project\MeiduoShopping\meiduo_mall\users\urls.py changed, reloading.
INFO 2019-06-16 14:23:50,560 autoreload 576 Watching for file changes with StatReloader
INFO 2019-06-16 14:23:52,231 autoreload 203 D:\Project\MeiduoShopping\meiduo_mall\users\urls.py changed, reloading.
INFO 2019-06-16 14:23:53,063 autoreload 576 Watching for file changes with StatReloader
INFO 2019-06-16 14:23:54,804 autoreload 203 D:\Project\MeiduoShopping\meiduo_mall\users\urls.py changed, reloading.
INFO 2019-06-16 14:23:55,740 autoreload 576 Watching for file changes with StatReloader
INFO 2019-06-16 14:23:59,940 autoreload 203 D:\Project\MeiduoShopping\meiduo_mall\users\urls.py changed, reloading.
INFO 2019-06-16 14:24:00,859 autoreload 576 Watching for file changes with StatReloader
INFO 2019-06-16 14:24:05,040 autoreload 203 D:\Project\MeiduoShopping\meiduo_mall\users\urls.py changed, reloading.
INFO 2019-06-16 14:24:05,971 autoreload 576 Watching for file changes with StatReloader
INFO 2019-06-16 14:24:08,819 autoreload 203 D:\Project\MeiduoShopping\meiduo_mall\users\urls.py changed, reloading.
INFO 2019-06-16 14:24:09,637 autoreload 576 Watching for file changes with StatReloader
INFO 2019-06-16 14:24:24,152 autoreload 203 D:\Project\MeiduoShopping\meiduo_mall\users\urls.py changed, reloading.
INFO 2019-06-16 14:24:25,144 autoreload 576 Watching for file changes with StatReloader
INFO 2019-06-16 14:24:31,818 autoreload 203 D:\Project\MeiduoShopping\meiduo_mall\users\urls.py changed, reloading.
INFO 2019-06-16 14:24:32,680 autoreload 576 Watching for file changes with StatReloader
INFO 2019-06-16 14:24:35,568 autoreload 203 D:\Project\MeiduoShopping\meiduo_mall\users\urls.py changed, reloading.
INFO 2019-06-16 14:24:36,600 autoreload 576 Watching for file changes with StatReloader
INFO 2019-06-16 14:24:46,059 autoreload 203 D:\Project\MeiduoShopping\meiduo_mall\users\urls.py changed, reloading.
INFO 2019-06-16 14:24:46,939 autoreload 576 Watching for file changes with StatReloader
INFO 2019-06-16 14:24:48,697 autoreload 203 D:\Project\MeiduoShopping\meiduo_mall\users\urls.py changed, reloading.
INFO 2019-06-16 14:24:49,692 autoreload 576 Watching for file changes with StatReloader
INFO 2019-06-16 14:24:59,265 basehttp 154 "GET /users/usernames/juehuan182/count/ HTTP/1.1" 200 35
INFO 2019-06-16 14:25:09,649 basehttp 154 "GET /users/emails/448015915@qq.com/count/ HTTP/1.1" 200 38
INFO 2019-06-16 14:25:10,693 views 38 815019
INFO 2019-06-16 14:25:10,696 basehttp 154 "GET /users/emails/448015915@qq.com/count/ HTTP/1.1" 200 38
INFO 2019-06-16 14:25:10,891 basehttp 154 "GET /verifications/email_codes/448015915@qq.com/ HTTP/1.1" 200 16
INFO 2019-06-16 14:27:26,671 autoreload 576 Watching for file changes with StatReloader
INFO 2019-06-16 14:27:33,565 views 38 604314
INFO 2019-06-16 14:27:33,571 basehttp 154 "GET /users/emails/448015915@qq.com/count/ HTTP/1.1" 200 38
INFO 2019-06-16 14:27:33,804 basehttp 154 "GET /verifications/email_codes/448015915@qq.com/ HTTP/1.1" 200 16
INFO 2019-06-16 14:37:13,610 autoreload 576 Watching for file changes with StatReloader
INFO 2019-06-16 14:37:19,910 views 38 921232
INFO 2019-06-16 14:37:19,915 basehttp 154 "GET /users/emails/448015915@qq.com/count/ HTTP/1.1" 200 38
INFO 2019-06-16 14:37:20,159 basehttp 154 "GET /verifications/email_codes/448015915@qq.com/ HTTP/1.1" 200 16
INFO 2019-06-16 14:38:46,465 autoreload 203 D:\Project\MeiduoShopping\meiduo_mall\celery_tasks\email\tasks.py changed, reloading.
INFO 2019-06-16 14:38:47,375 autoreload 576 Watching for file changes with StatReloader
INFO 2019-06-16 14:40:16,917 views 38 492733
INFO 2019-06-16 14:40:16,920 basehttp 154 "GET /users/emails/448015915@qq.com/count/ HTTP/1.1" 200 38
INFO 2019-06-16 14:40:17,168 basehttp 154 "GET /verifications/email_codes/448015915@qq.com/ HTTP/1.1" 200 16
INFO 2019-06-16 14:42:12,351 autoreload 203 D:\Project\MeiduoShopping\meiduo_mall\celery_tasks\email\send_email.py changed, reloading.
INFO 2019-06-16 14:42:13,278 autoreload 576 Watching for file changes with StatReloader
INFO 2019-06-16 14:44:07,314 views 38 852128
INFO 2019-06-16 14:44:07,317 basehttp 154 "GET /users/emails/448015915@qq.com/count/ HTTP/1.1" 200 38
INFO 2019-06-16 14:44:07,523 basehttp 154 "GET /verifications/email_codes/448015915@qq.com/ HTTP/1.1" 200 16
INFO 2019-06-16 15:21:49,986 autoreload 576 Watching for file changes with StatReloader
INFO 2019-06-16 15:22:40,440 basehttp 154 "GET /users/usernames/juehuan182/count/ HTTP/1.1" 200 35
INFO 2019-06-16 15:22:53,948 basehttp 154 "GET /users/emails/448015915@qq.com/count/ HTTP/1.1" 200 38
INFO 2019-06-16 15:23:21,492 basehttp 154 "GET /users/emails/448015915@qq.com/count/ HTTP/1.1" 200 38
INFO 2019-06-16 15:25:18,616 basehttp 154 "GET /users/emails/448015915@qq.com/count/ HTTP/1.1" 200 38
INFO 2019-06-16 15:25:20,062 views 52 sCPj
INFO 2019-06-16 15:25:20,068 basehttp 154 "GET /users/emails/448015915@qq.com/count/ HTTP/1.1" 200 38
INFO 2019-06-16 15:25:20,140 basehttp 154 "GET /verifications/email_codes/448015915@qq.com/?send_type=register HTTP/1.1" 200 16
INFO 2019-06-16 15:27:28,482 autoreload 203 D:\Project\MeiduoShopping\meiduo_mall\verifications\views.py changed, reloading.
INFO 2019-06-16 15:27:29,394 autoreload 576 Watching for file changes with StatReloader
INFO 2019-06-16 15:27:34,100 autoreload 203 D:\Project\MeiduoShopping\meiduo_mall\verifications\views.py changed, reloading.
INFO 2019-06-16 15:27:35,032 autoreload 576 Watching for file changes with StatReloader
INFO 2019-06-16 15:27:37,129 autoreload 203 D:\Project\MeiduoShopping\meiduo_mall\verifications\views.py changed, reloading.
INFO 2019-06-16 15:27:38,191 autoreload 576 Watching for file changes with StatReloader
INFO 2019-06-16 15:27:57,642 autoreload 203 D:\Project\MeiduoShopping\meiduo_mall\verifications\views.py changed, reloading.
INFO 2019-06-16 15:27:58,547 autoreload 576 Watching for file changes with StatReloader
INFO 2019-06-16 15:28:19,739 autoreload 203 D:\Project\MeiduoShopping\meiduo_mall\verifications\views.py changed, reloading.
INFO 2019-06-16 15:28:20,578 autoreload 576 Watching for file changes with StatReloader
INFO 2019-06-16 15:28:26,076 views 52 gl7afV
INFO 2019-06-16 15:28:26,079 basehttp 154 "GET /users/emails/448015915@qq.com/count/ HTTP/1.1" 200 38
INFO 2019-06-16 15:28:26,154 basehttp 154 "GET /verifications/email_codes/448015915@qq.com/?send_type=register HTTP/1.1" 200 16
INFO 2019-06-16 15:28:45,609 autoreload 203 D:\Project\MeiduoShopping\meiduo_mall\verifications\views.py changed, reloading.
INFO 2019-06-16 15:28:46,475 autoreload 576 Watching for file changes with StatReloader
INFO 2019-06-16 15:30:32,773 autoreload 203 D:\Project\MeiduoShopping\meiduo_mall\celery_tasks\email\send_email.py changed, reloading.
INFO 2019-06-16 15:30:33,696 autoreload 576 Watching for file changes with StatReloader
INFO 2019-06-16 15:30:35,857 autoreload 203 D:\Project\MeiduoShopping\meiduo_mall\celery_tasks\email\send_email.py changed, reloading.
INFO 2019-06-16 15:30:36,858 autoreload 576 Watching for file changes with StatReloader
INFO 2019-06-16 15:30:41,247 autoreload 203 D:\Project\MeiduoShopping\meiduo_mall\celery_tasks\email\send_email.py changed, reloading.
INFO 2019-06-16 15:30:42,164 autoreload 576 Watching for file changes with StatReloader
INFO 2019-06-16 15:30:50,322 autoreload 203 D:\Project\MeiduoShopping\meiduo_mall\celery_tasks\email\send_email.py changed, reloading.
INFO 2019-06-16 15:30:51,680 autoreload 576 Watching for file changes with StatReloader
INFO 2019-06-16 15:30:53,827 views 52 ezqmWk
INFO 2019-06-16 15:30:53,829 basehttp 154 "GET /users/emails/448015915@qq.com/count/ HTTP/1.1" 200 38
INFO 2019-06-16 15:30:53,891 basehttp 154 "GET /verifications/email_codes/448015915@qq.com/?send_type=register HTTP/1.1" 200 16
INFO 2019-06-17 11:41:40,899 autoreload 576 Watching for file changes with StatReloader
INFO 2019-06-17 11:42:20,100 autoreload 576 Watching for file changes with StatReloader
INFO 2019-06-17 11:46:34,403 basehttp 154 "GET /users/usernames/juehuan182/count/ HTTP/1.1" 200 35
INFO 2019-06-17 11:46:46,761 basehttp 154 "GET /users/emails/1328500761@qq.com/count/ HTTP/1.1" 200 39
INFO 2019-06-17 11:46:48,217 views 52 q8rbaw
INFO 2019-06-17 11:46:48,230 basehttp 154 "GET /users/emails/1328500761@qq.com/count/ HTTP/1.1" 200 39
INFO 2019-06-17 11:46:48,278 basehttp 154 "GET /verifications/email_codes/1328500761@qq.com/?send_type=register HTTP/1.1" 200 16
INFO 2019-06-17 11:48:08,425 autoreload 203 D:\Project\MeiduoShopping\meiduo_mall\celery_tasks\email\tasks.py changed, reloading.
INFO 2019-06-17 11:48:09,331 autoreload 576 Watching for file changes with StatReloader
INFO 2019-06-17 11:48:15,263 autoreload 203 D:\Project\MeiduoShopping\meiduo_mall\celery_tasks\email\tasks.py changed, reloading.
INFO 2019-06-17 11:48:16,259 autoreload 576 Watching for file changes with StatReloader
INFO 2019-06-17 11:48:37,440 views 52 6K33MA
INFO 2019-06-17 11:48:37,449 basehttp 154 "GET /users/emails/1328500761@qq.com/count/ HTTP/1.1" 200 39
INFO 2019-06-17 11:48:37,505 basehttp 154 "GET /verifications/email_codes/1328500761@qq.com/?send_type=register HTTP/1.1" 200 16
INFO 2019-06-17 11:49:51,090 autoreload 203 D:\Project\MeiduoShopping\meiduo_mall\verifications\views.py changed, reloading.
INFO 2019-06-17 11:49:52,029 autoreload 576 Watching for file changes with StatReloader
INFO 2019-06-17 11:49:56,828 autoreload 203 D:\Project\MeiduoShopping\meiduo_mall\verifications\views.py changed, reloading.
INFO 2019-06-17 11:49:57,801 autoreload 576 Watching for file changes with StatReloader
INFO 2019-06-17 11:50:03,762 autoreload 203 D:\Project\MeiduoShopping\meiduo_mall\verifications\views.py changed, reloading.
INFO 2019-06-17 11:50:04,673 autoreload 576 Watching for file changes with StatReloader
INFO 2019-06-17 11:50:09,380 autoreload 203 D:\Project\MeiduoShopping\meiduo_mall\verifications\views.py changed, reloading.
INFO 2019-06-17 11:50:10,570 autoreload 576 Watching for file changes with StatReloader
INFO 2019-06-17 11:50:18,009 autoreload 576 Watching for file changes with StatReloader
INFO 2019-06-17 11:50:38,583 basehttp 154 "GET /users/usernames/juehuan182/count/ HTTP/1.1" 200 35
INFO 2019-06-17 11:51:22,100 basehttp 154 "GET /users/emails/448015915@qq.com/count/ HTTP/1.1" 200 38
INFO 2019-06-17 11:51:23,355 views 52 fqXVZW
INFO 2019-06-17 11:51:23,360 basehttp 154 "GET /users/emails/448015915@qq.com/count/ HTTP/1.1" 200 38
INFO 2019-06-17 11:51:23,410 basehttp 154 "GET /verifications/email_codes/448015915@qq.com/?send_type=register HTTP/1.1" 200 16
INFO 2019-06-17 11:52:37,066 autoreload 203 D:\Project\MeiduoShopping\meiduo_mall\celery_tasks\email\tasks.py changed, reloading.
INFO 2019-06-17 11:52:37,915 autoreload 576 Watching for file changes with StatReloader
INFO 2019-06-17 11:52:39,975 autoreload 203 D:\Project\MeiduoShopping\meiduo_mall\celery_tasks\email\tasks.py changed, reloading.
INFO 2019-06-17 11:52:40,856 autoreload 576 Watching for file changes with StatReloader
INFO 2019-06-17 11:52:43,778 autoreload 203 D:\Project\MeiduoShopping\meiduo_mall\celery_tasks\email\tasks.py changed, reloading.
INFO 2019-06-17 11:52:44,821 autoreload 576 Watching for file changes with StatReloader
INFO 2019-06-17 11:52:55,108 autoreload 203 D:\Project\MeiduoShopping\meiduo_mall\celery_tasks\email\tasks.py changed, reloading.
INFO 2019-06-17 11:52:55,969 autoreload 576 Watching for file changes with StatReloader
INFO 2019-06-17 11:53:01,741 autoreload 203 D:\Project\MeiduoShopping\meiduo_mall\celery_tasks\email\tasks.py changed, reloading.
INFO 2019-06-17 11:53:02,799 autoreload 576 Watching for file changes with StatReloader
INFO 2019-06-17 11:54:16,578 autoreload 203 D:\Project\MeiduoShopping\meiduo_mall\celery_tasks\email\send_email.py changed, reloading.
INFO 2019-06-17 11:54:17,440 autoreload 576 Watching for file changes with StatReloader
INFO 2019-06-17 11:54:25,754 autoreload 203 D:\Project\MeiduoShopping\meiduo_mall\celery_tasks\email\send_email.py changed, reloading.
INFO 2019-06-17 11:54:26,596 autoreload 576 Watching for file changes with StatReloader
INFO 2019-06-17 11:54:31,064 autoreload 203 D:\Project\MeiduoShopping\meiduo_mall\celery_tasks\email\send_email.py changed, reloading.
INFO 2019-06-17 11:54:32,005 autoreload 576 Watching for file changes with StatReloader
INFO 2019-06-17 11:54:35,255 autoreload 203 D:\Project\MeiduoShopping\meiduo_mall\celery_tasks\email\send_email.py changed, reloading.
INFO 2019-06-17 11:54:36,127 autoreload 576 Watching for file changes with StatReloader
INFO 2019-06-17 11:54:45,582 autoreload 203 D:\Project\MeiduoShopping\meiduo_mall\celery_tasks\email\send_email.py changed, reloading.
INFO 2019-06-17 11:54:46,644 autoreload 576 Watching for file changes with StatReloader
INFO 2019-06-17 11:54:51,168 autoreload 203 D:\Project\MeiduoShopping\meiduo_mall\celery_tasks\email\send_email.py changed, reloading.
INFO 2019-06-17 11:54:52,200 autoreload 576 Watching for file changes with StatReloader
INFO 2019-06-17 11:54:55,430 autoreload 203 D:\Project\MeiduoShopping\meiduo_mall\celery_tasks\email\send_email.py changed, reloading.
INFO 2019-06-17 11:54:56,388 autoreload 576 Watching for file changes with StatReloader
INFO 2019-06-17 11:55:02,144 autoreload 203 D:\Project\MeiduoShopping\meiduo_mall\celery_tasks\email\send_email.py changed, reloading.
INFO 2019-06-17 11:55:02,989 autoreload 576 Watching for file changes with StatReloader
INFO 2019-06-17 11:55:32,551 autoreload 203 D:\Project\MeiduoShopping\meiduo_mall\verifications\views.py changed, reloading.
INFO 2019-06-17 11:55:33,385 autoreload 576 Watching for file changes with StatReloader
INFO 2019-06-17 11:55:35,503 autoreload 203 D:\Project\MeiduoShopping\meiduo_mall\verifications\views.py changed, reloading.
INFO 2019-06-17 11:55:36,393 autoreload 576 Watching for file changes with StatReloader
INFO 2019-06-17 11:55:46,959 autoreload 203 D:\Project\MeiduoShopping\meiduo_mall\verifications\views.py changed, reloading.
INFO 2019-06-17 11:55:47,901 autoreload 576 Watching for file changes with StatReloader
INFO 2019-06-17 11:56:27,374 autoreload 203 D:\Project\MeiduoShopping\meiduo_mall\celery_tasks\email\send_email.py changed, reloading.
INFO 2019-06-17 11:56:28,277 autoreload 576 Watching for file changes with StatReloader
INFO 2019-06-17 11:56:49,358 autoreload 203 D:\Project\MeiduoShopping\meiduo_mall\celery_tasks\email\send_email.py changed, reloading.
INFO 2019-06-17 11:56:50,216 autoreload 576 Watching for file changes with StatReloader
INFO 2019-06-17 11:56:53,642 autoreload 203 D:\Project\MeiduoShopping\meiduo_mall\celery_tasks\email\send_email.py changed, reloading.
INFO 2019-06-17 11:56:54,534 autoreload 576 Watching for file changes with StatReloader
INFO 2019-06-17 11:56:56,502 autoreload 203 D:\Project\MeiduoShopping\meiduo_mall\celery_tasks\email\send_email.py changed, reloading.
INFO 2019-06-17 11:56:57,578 autoreload 576 Watching for file changes with StatReloader
INFO 2019-06-17 11:57:03,443 autoreload 203 D:\Project\MeiduoShopping\meiduo_mall\verifications\views.py changed, reloading.
INFO 2019-06-17 11:57:04,402 autoreload 576 Watching for file changes with StatReloader
INFO 2019-06-17 11:57:06,443 autoreload 203 D:\Project\MeiduoShopping\meiduo_mall\verifications\views.py changed, reloading.
INFO 2019-06-17 11:57:07,287 autoreload 576 Watching for file changes with StatReloader
INFO 2019-06-17 11:57:11,912 autoreload 203 D:\Project\MeiduoShopping\meiduo_mall\verifications\views.py changed, reloading.
INFO 2019-06-17 11:57:12,752 autoreload 576 Watching for file changes with StatReloader
INFO 2019-06-17 11:57:19,802 autoreload 203 D:\Project\MeiduoShopping\meiduo_mall\verifications\views.py changed, reloading.
INFO 2019-06-17 11:57:20,771 autoreload 576 Watching for file changes with StatReloader
INFO 2019-06-17 11:57:22,763 autoreload 203 D:\Project\MeiduoShopping\meiduo_mall\verifications\views.py changed, reloading.
INFO 2019-06-17 11:57:23,910 autoreload 576 Watching for file changes with StatReloader
INFO 2019-06-17 11:57:27,424 autoreload 203 D:\Project\MeiduoShopping\meiduo_mall\verifications\views.py changed, reloading.
INFO 2019-06-17 11:57:28,387 autoreload 576 Watching for file changes with StatReloader
INFO 2019-06-17 11:57:30,412 autoreload 203 D:\Project\MeiduoShopping\meiduo_mall\verifications\views.py changed, reloading.
INFO 2019-06-17 11:57:31,453 autoreload 576 Watching for file changes with StatReloader
INFO 2019-06-17 11:57:45,782 basehttp 154 "GET /users/usernames/juehuan182/count/ HTTP/1.1" 200 35
INFO 2019-06-17 11:57:54,812 basehttp 154 "GET /users/emails/448015915@qq.com/count/ HTTP/1.1" 200 38
INFO 2019-06-17 11:57:56,392 views 52 E13OGF
INFO 2019-06-17 11:57:56,398 basehttp 154 "GET /users/emails/448015915@qq.com/count/ HTTP/1.1" 200 38
INFO 2019-06-17 11:57:56,453 basehttp 154 "GET /verifications/email_codes/448015915@qq.com/?send_type=register HTTP/1.1" 200 16
INFO 2019-06-17 11:59:41,886 autoreload 203 D:\Project\MeiduoShopping\meiduo_mall\celery_tasks\email\send_email.py changed, reloading.
INFO 2019-06-17 11:59:42,952 autoreload 576 Watching for file changes with StatReloader
INFO 2019-06-17 11:59:49,082 autoreload 576 Watching for file changes with StatReloader
INFO 2019-06-17 12:00:06,290 basehttp 154 "GET /users/usernames/juehuan182/count/ HTTP/1.1" 200 35
INFO 2019-06-17 12:00:16,131 basehttp 154 "GET /users/emails/448015915@qq.com/count/ HTTP/1.1" 200 38
INFO 2019-06-17 12:00:19,930 views 52 nqSfR8
INFO 2019-06-17 12:00:19,936 basehttp 154 "GET /users/emails/448015915@qq.com/count/ HTTP/1.1" 200 38
INFO 2019-06-17 12:00:20,013 basehttp 154 "GET /verifications/email_codes/448015915@qq.com/?send_type=register HTTP/1.1" 200 16
INFO 2019-06-17 12:00:20,026 send_email 63 email code:nqSfR8
INFO 2019-06-17 12:03:02,963 autoreload 203 D:\Project\MeiduoShopping\meiduo_mall\celery_tasks\email\tasks.py changed, reloading.
INFO 2019-06-17 12:03:04,079 autoreload 576 Watching for file changes with StatReloader
INFO 2019-06-17 12:11:37,226 autoreload 576 Watching for file changes with StatReloader
INFO 2019-06-17 12:11:48,195 autoreload 203 D:\Project\MeiduoShopping\meiduo_mall\celery_tasks\email\send_email.py changed, reloading.
INFO 2019-06-17 12:11:49,174 autoreload 576 Watching for file changes with StatReloader
INFO 2019-06-17 12:12:11,067 autoreload 203 D:\Project\MeiduoShopping\meiduo_mall\celery_tasks\email\send_email.py changed, reloading.
INFO 2019-06-17 12:12:11,892 autoreload 576 Watching for file changes with StatReloader
INFO 2019-06-17 12:13:50,700 autoreload 203 D:\Project\MeiduoShopping\meiduo_mall\celery_tasks\email\send_email.py changed, reloading.
INFO 2019-06-17 12:13:51,598 autoreload 576 Watching for file changes with StatReloader
INFO 2019-06-17 12:14:21,323 autoreload 203 D:\Project\MeiduoShopping\meiduo_mall\celery_tasks\email\send_email.py changed, reloading.
INFO 2019-06-17 12:14:22,176 autoreload 576 Watching for file changes with StatReloader
INFO 2019-06-17 12:14:28,697 views 52 eF2TlX
INFO 2019-06-17 12:14:28,704 basehttp 154 "GET /users/emails/448015915@qq.com/count/ HTTP/1.1" 200 38
INFO 2019-06-17 12:14:28,758 send_email 63 email code:eF2TlX
INFO 2019-06-17 12:14:28,759 basehttp 154 "GET /verifications/email_codes/448015915@qq.com/?send_type=register HTTP/1.1" 200 16
INFO 2019-06-17 12:15:15,641 autoreload 203 D:\Project\MeiduoShopping\meiduo_mall\celery_tasks\email\send_email.py changed, reloading.
INFO 2019-06-17 12:15:16,629 autoreload 576 Watching for file changes with StatReloader
INFO 2019-06-17 12:15:18,534 autoreload 203 D:\Project\MeiduoShopping\meiduo_mall\celery_tasks\email\send_email.py changed, reloading.
INFO 2019-06-17 12:15:19,356 autoreload 576 Watching for file changes with StatReloader
INFO 2019-06-17 12:15:21,320 autoreload 203 D:\Project\MeiduoShopping\meiduo_mall\celery_tasks\email\send_email.py changed, reloading.
INFO 2019-06-17 12:15:22,326 autoreload 576 Watching for file changes with StatReloader
INFO 2019-06-17 12:15:24,249 autoreload 203 D:\Project\MeiduoShopping\meiduo_mall\celery_tasks\email\send_email.py changed, reloading.
INFO 2019-06-17 12:15:25,220 autoreload 576 Watching for file changes with StatReloader
INFO 2019-06-17 12:15:27,178 autoreload 203 D:\Project\MeiduoShopping\meiduo_mall\celery_tasks\email\send_email.py changed, reloading.
INFO 2019-06-17 12:15:28,138 autoreload 576 Watching for file changes with StatReloader
INFO 2019-06-17 12:15:30,035 autoreload 203 D:\Project\MeiduoShopping\meiduo_mall\celery_tasks\email\send_email.py changed, reloading.
INFO 2019-06-17 12:15:30,862 autoreload 576 Watching for file changes with StatReloader
INFO 2019-06-17 12:15:41,856 autoreload 203 D:\Project\MeiduoShopping\meiduo_mall\celery_tasks\email\tasks.py changed, reloading.
INFO 2019-06-17 12:15:42,709 autoreload 576 Watching for file changes with StatReloader
INFO 2019-06-17 12:15:44,627 autoreload 203 D:\Project\MeiduoShopping\meiduo_mall\celery_tasks\email\tasks.py changed, reloading.
INFO 2019-06-17 12:15:45,588 autoreload 576 Watching for file changes with StatReloader
INFO 2019-06-17 12:15:47,585 autoreload 203 D:\Project\MeiduoShopping\meiduo_mall\celery_tasks\email\tasks.py changed, reloading.
INFO 2019-06-17 12:15:48,400 autoreload 576 Watching for file changes with StatReloader
INFO 2019-06-17 12:15:57,752 autoreload 576 Watching for file changes with StatReloader
INFO 2019-06-17 12:16:08,645 basehttp 154 "GET /users/usernames/juehuan182/count/ HTTP/1.1" 200 35
INFO 2019-06-17 12:16:17,444 basehttp 154 "GET /users/emails/448015915@qq.com/count/ HTTP/1.1" 200 38
INFO 2019-06-17 12:16:18,488 views 52 UtVtt2
INFO 2019-06-17 12:16:18,493 basehttp 154 "GET /users/emails/448015915@qq.com/count/ HTTP/1.1" 200 38
INFO 2019-06-17 12:16:18,551 send_email 67 email code:UtVtt2
INFO 2019-06-17 12:16:18,551 basehttp 154 "GET /verifications/email_codes/448015915@qq.com/?send_type=register HTTP/1.1" 200 16
INFO 2019-06-17 12:17:46,488 autoreload 203 D:\Project\MeiduoShopping\meiduo_mall\celery_tasks\email\tasks.py changed, reloading.
INFO 2019-06-17 12:17:47,383 autoreload 576 Watching for file changes with StatReloader
INFO 2019-06-17 12:17:49,493 autoreload 203 D:\Project\MeiduoShopping\meiduo_mall\celery_tasks\email\tasks.py changed, reloading.
INFO 2019-06-17 12:17:50,419 autoreload 576 Watching for file changes with StatReloader
INFO 2019-06-17 12:18:04,375 autoreload 576 Watching for file changes with StatReloader
INFO 2019-06-17 12:18:32,738 basehttp 154 "GET /users/usernames/juehuan182/count/ HTTP/1.1" 200 35
INFO 2019-06-17 12:18:42,432 basehttp 154 "GET /users/emails/448015915@qq.com/count/ HTTP/1.1" 200 38
INFO 2019-06-17 12:18:43,327 views 52 du1kmV
INFO 2019-06-17 12:18:43,330 basehttp 154 "GET /users/emails/448015915@qq.com/count/ HTTP/1.1" 200 38
INFO 2019-06-17 12:18:43,385 send_email 67 email code:du1kmV
INFO 2019-06-17 12:18:43,385 basehttp 154 "GET /verifications/email_codes/448015915@qq.com/?send_type=register HTTP/1.1" 200 16
INFO 2019-06-17 12:21:47,961 autoreload 203 D:\Project\MeiduoShopping\meiduo_mall\celery_tasks\email\send_email.py changed, reloading.
INFO 2019-06-17 12:21:48,838 autoreload 576 Watching for file changes with StatReloader
INFO 2019-06-17 12:21:55,927 autoreload 203 D:\Project\MeiduoShopping\meiduo_mall\celery_tasks\email\send_email.py changed, reloading.
INFO 2019-06-17 12:21:56,985 autoreload 576 Watching for file changes with StatReloader
INFO 2019-06-17 12:22:00,195 autoreload 203 D:\Project\MeiduoShopping\meiduo_mall\celery_tasks\email\send_email.py changed, reloading.
INFO 2019-06-17 12:22:03,267 autoreload 576 Watching for file changes with StatReloader
INFO 2019-06-17 12:22:26,530 basehttp 154 "GET /users/usernames/juehuan182/count/ HTTP/1.1" 200 35
INFO 2019-06-17 12:22:36,890 basehttp 154 "GET /users/emails/448015915@qq.com/count/ HTTP/1.1" 200 38
INFO 2019-06-17 12:22:45,690 basehttp 154 "GET /users/emails/llp182@162.com/count/ HTTP/1.1" 200 36
INFO 2019-06-17 12:22:46,787 views 52 ksH1SH
INFO 2019-06-17 12:22:46,790 basehttp 154 "GET /users/emails/llp182@162.com/count/ HTTP/1.1" 200 36
INFO 2019-06-17 12:22:46,847 send_email 69 email code:ksH1SH
INFO 2019-06-17 12:22:46,847 basehttp 154 "GET /verifications/email_codes/llp182@162.com/?send_type=register HTTP/1.1" 200 16
INFO 2019-06-17 12:22:58,308 basehttp 154 "GET /users/emails/llp182@126.com/count/ HTTP/1.1" 200 36
INFO 2019-06-17 12:23:31,954 autoreload 203 D:\Project\MeiduoShopping\meiduo_mall\celery_tasks\email\send_email.py changed, reloading.
INFO 2019-06-17 12:23:32,793 autoreload 576 Watching for file changes with StatReloader
INFO 2019-06-17 12:23:35,994 autoreload 203 D:\Project\MeiduoShopping\meiduo_mall\celery_tasks\email\send_email.py changed, reloading.
INFO 2019-06-17 12:23:36,826 autoreload 576 Watching for file changes with StatReloader
INFO 2019-06-17 12:23:41,247 autoreload 203 D:\Project\MeiduoShopping\meiduo_mall\celery_tasks\email\send_email.py changed, reloading.
INFO 2019-06-17 12:23:42,137 autoreload 576 Watching for file changes with StatReloader
INFO 2019-06-17 12:23:50,319 autoreload 203 D:\Project\MeiduoShopping\meiduo_mall\celery_tasks\email\send_email.py changed, reloading.
INFO 2019-06-17 12:23:51,162 autoreload 576 Watching for file changes with StatReloader
INFO 2019-06-17 12:23:54,491 autoreload 203 D:\Project\MeiduoShopping\meiduo_mall\celery_tasks\email\send_email.py changed, reloading.
INFO 2019-06-17 12:23:55,344 autoreload 576 Watching for file changes with StatReloader
INFO 2019-06-17 12:27:22,768 autoreload 203 D:\Project\MeiduoShopping\meiduo_mall\celery_tasks\email\send_email.py changed, reloading.
INFO 2019-06-17 12:27:23,605 autoreload 576 Watching for file changes with StatReloader
INFO 2019-06-17 12:27:29,256 autoreload 203 D:\Project\MeiduoShopping\meiduo_mall\celery_tasks\email\send_email.py changed, reloading.
INFO 2019-06-17 12:27:30,222 autoreload 576 Watching for file changes with StatReloader
INFO 2019-06-17 12:27:40,880 autoreload 203 D:\Project\MeiduoShopping\meiduo_mall\celery_tasks\email\send_email.py changed, reloading.
INFO 2019-06-17 12:27:41,864 autoreload 576 Watching for file changes with StatReloader
INFO 2019-06-17 12:27:53,011 autoreload 203 D:\Project\MeiduoShopping\meiduo_mall\celery_tasks\email\send_email.py changed, reloading.
INFO 2019-06-17 12:27:53,786 autoreload 576 Watching for file changes with StatReloader
INFO 2019-06-17 12:28:04,412 autoreload 203 D:\Project\MeiduoShopping\meiduo_mall\celery_tasks\email\send_email.py changed, reloading.
INFO 2019-06-17 12:28:05,283 autoreload 576 Watching for file changes with StatReloader
INFO 2019-06-17 12:28:14,744 basehttp 154 "GET /users/usernames/juehuan182/count/ HTTP/1.1" 200 35
INFO 2019-06-17 12:28:24,162 basehttp 154 "GET /users/emails/448015915@qq.com/count/ HTTP/1.1" 200 38
INFO 2019-06-17 12:28:25,012 views 52 kSAzzz
INFO 2019-06-17 12:28:25,017 basehttp 154 "GET /users/emails/448015915@qq.com/count/ HTTP/1.1" 200 38
INFO 2019-06-17 12:28:25,079 send_email 65 email code:kSAzzz
INFO 2019-06-17 12:28:25,079 send_email 66 email code:qmpython@qq.com
INFO 2019-06-17 12:28:25,079 basehttp 154 "GET /verifications/email_codes/448015915@qq.com/?send_type=register HTTP/1.1" 200 16
INFO 2019-06-17 12:30:03,403 autoreload 203 D:\Project\MeiduoShopping\meiduo_mall\meiduo_mall\settings\dev.py changed, reloading.
INFO 2019-06-17 12:30:04,475 autoreload 576 Watching for file changes with StatReloader
INFO 2019-06-17 12:30:24,885 autoreload 203 D:\Project\MeiduoShopping\meiduo_mall\meiduo_mall\settings\dev.py changed, reloading.
INFO 2019-06-17 12:30:25,692 autoreload 576 Watching for file changes with StatReloader
INFO 2019-06-17 12:30:29,029 autoreload 203 D:\Project\MeiduoShopping\meiduo_mall\meiduo_mall\settings\dev.py changed, reloading.
INFO 2019-06-17 12:30:30,012 autoreload 576 Watching for file changes with StatReloader
INFO 2019-06-17 12:30:31,952 autoreload 203 D:\Project\MeiduoShopping\meiduo_mall\meiduo_mall\settings\dev.py changed, reloading.
INFO 2019-06-17 12:30:32,816 autoreload 576 Watching for file changes with StatReloader
INFO 2019-06-17 12:30:34,840 autoreload 203 D:\Project\MeiduoShopping\meiduo_mall\meiduo_mall\settings\dev.py changed, reloading.
INFO 2019-06-17 12:30:36,508 autoreload 576 Watching for file changes with StatReloader
INFO 2019-06-17 12:31:01,443 autoreload 203 D:\Project\MeiduoShopping\meiduo_mall\meiduo_mall\settings\dev.py changed, reloading.
INFO 2019-06-17 12:31:02,357 autoreload 576 Watching for file changes with StatReloader
INFO 2019-06-17 12:35:09,732 autoreload 203 D:\Project\MeiduoShopping\meiduo_mall\meiduo_mall\settings\dev.py changed, reloading.
INFO 2019-06-17 12:35:10,587 autoreload 576 Watching for file changes with StatReloader
INFO 2019-06-17 12:36:07,148 autoreload 203 D:\Project\MeiduoShopping\meiduo_mall\celery_tasks\email\send_email.py changed, reloading.
INFO 2019-06-17 12:36:07,967 autoreload 576 Watching for file changes with StatReloader
INFO 2019-06-17 12:36:12,630 autoreload 203 D:\Project\MeiduoShopping\meiduo_mall\celery_tasks\email\send_email.py changed, reloading.
INFO 2019-06-17 12:36:13,591 autoreload 576 Watching for file changes with StatReloader
